/Users/erwenchen/Library/Python/3.9/lib/python/site-packages/urllib3/__init__.py:35: NotOpenSSLWarning: urllib3 v2 only supports OpenSSL 1.1.1+, currently the 'ssl' module is compiled with 'LibreSSL 2.8.3'. See: https://github.com/urllib3/urllib3/issues/3020
  warnings.warn(
Historical HTML scraper — 1 target(s)
per_period=20, max_per_target=500


======================================================================
  Germany:lieferando  (lieferando.de/speisekarte/*)
======================================================================
  Querying CDX (distributed, per_period=20, max=500) …
  Found 440 candidate snapshots
  [1/440] 20210301 https://www.lieferando.de/speisekarte/aendre … 0 items
  [2/440] 20210302 https://www.lieferando.de/speisekarte/al-giardino-zum-stern … 0 items
  [3/440] 20210228 https://www.lieferando.de/speisekarte/al-mundo-cafe-und-restaurant … 0 items
  [4/440] 20210302 https://www.lieferando.de/speisekarte/allergretto … 0 items
  [5/440] 20210228 https://www.lieferando.de/speisekarte/aloha-poke-bremen … 0 items
  [6/440] 20210227 https://www.lieferando.de/speisekarte/aloha-poke-in-unterbilk … 0 items
  [7/440] 20210302 https://www.lieferando.de/speisekarte/american-burger-more … 0 items
  [8/440] 20210302 https://www.lieferando.de/speisekarte/an-banh-mi-ackerstr … 0 items
  [9/440] 20210306 https://www.lieferando.de/speisekarte/an-hoang-asiastuebchen-magdeburg … 0 items
  [10/440] 20210228 https://www.lieferando.de/speisekarte/anboard-pizzeria-bar … 0 items
  [11/440] 20210302 https://www.lieferando.de/speisekarte/aptera … 0 items
  [12/440] 20210301 https://www.lieferando.de/speisekarte/ararat-grill-warendorf-48231 … 0 items
  [13/440] 20210306 https://www.lieferando.de/speisekarte/arethussa … 0 items
  [14/440] 20210214 https://www.lieferando.de/speisekarte/asia-china-imbiss-eurasia-duesse … 0 items
  [15/440] 20210306 https://www.lieferando.de/speisekarte/asia-restaurant-golden-lotus … 0 items
  [16/440] 20210302 https://www.lieferando.de/speisekarte/asia-tam-erfurt … 0 items
  [17/440] 20210306 https://www.lieferando.de/speisekarte/augenweide … 0 items
  [18/440] 20210218 https://www.lieferando.de/speisekarte/bahalo-echt-griechisch … 0 items
  [19/440] 20210202 https://www.lieferando.de/speisekarte/bazis-schlemmerkucherl-muenchen- … 0 items
  [20/440] 20210301 https://www.lieferando.de/speisekarte/bistro-cockpit-reichelsheim … 0 items
  [21/440] 20210516 https://www.lieferando.de/speisekarte/123-pizzeria-1 … 0 items
  [22/440] 20210619 https://www.lieferando.de/speisekarte/1852-landgasthof … 0 items
  [23/440] 20210625 https://www.lieferando.de/speisekarte/36grad … 0 items
  [24/440] 20210511 https://www.lieferando.de/speisekarte/84-asian-deli-vegan-kitchen … 0 items
  [25/440] 20210512 https://www.lieferando.de/speisekarte/aapka-berlin-mitte-1 … 0 items
  [26/440] 20210512 https://www.lieferando.de/speisekarte/aarna-indisches-restaurant-berli … 0 items
  [27/440] 20210511 https://www.lieferando.de/speisekarte/adria-2 … 0 items
  [28/440] 20210509 https://www.lieferando.de/speisekarte/adria-grill-1 … 0 items
  [29/440] 20210506 https://www.lieferando.de/speisekarte/adria-heimservice … 0 items
  [30/440] 20210614 https://www.lieferando.de/speisekarte/akademiesalon … 0 items
  [31/440] 20210622 https://www.lieferando.de/speisekarte/akropolis … 0 items
  [32/440] 20210614 https://www.lieferando.de/speisekarte/akropolis-gelsenkirchen … 0 items
  [33/440] 20210510 https://www.lieferando.de/speisekarte/akropolis-wuppertal … 0 items
  [34/440] 20210506 https://www.lieferando.de/speisekarte/al-canale … 0 items
  [35/440] 20210622 https://www.lieferando.de/speisekarte/al-capone-regensburg … 0 items
  [36/440] 20210512 https://www.lieferando.de/speisekarte/al-lupo-oberdiessemer … 0 items
  [37/440] 20210512 https://www.lieferando.de/speisekarte/al-mondo … 0 items
  [38/440] 20210511 https://www.lieferando.de/speisekarte/al-mundo-cafe-und-restaurant?k11 … 0 items
  [39/440] 20210612 https://www.lieferando.de/speisekarte/alanya-herford … 0 items
  [40/440] 20210619 https://www.lieferando.de/speisekarte/albertos-stuebchen … 0 items
  [41/440] 20210923 https://www.lieferando.de/speisekarte/030-boba … 0 items
  [42/440] 20210728 https://www.lieferando.de/speisekarte/123-pizzeria … 0 items
  [43/440] 20210920 https://www.lieferando.de/speisekarte/1885-die-burger-bremen … 0 items
  [44/440] 20210927 https://www.lieferando.de/speisekarte/2friends … 0 items
  [45/440] 20210920 https://www.lieferando.de/speisekarte/34-foods … 0 items
  [46/440] 20210805 https://www.lieferando.de/speisekarte/485grad-gmbh … 0 items
  [47/440] 20210927 https://www.lieferando.de/speisekarte/90s-burger … 0 items
  [48/440] 20210724 https://www.lieferando.de/speisekarte/ab-der-fisch … 0 items
  [49/440] 20210725 https://www.lieferando.de/speisekarte/abi-kebap-bistro … 0 items
  [50/440] 20210919 https://www.lieferando.de/speisekarte/achims-heimservice … 0 items
  [51/440] 20210926 https://www.lieferando.de/speisekarte/addis-abeba-restaurant-1 … 0 items
  [52/440] 20210920 https://www.lieferando.de/speisekarte/adria-restaurant-pizzeria-regens … 0 items
  [53/440] 20210801 https://www.lieferando.de/speisekarte/afropot-berlin … 0 items
  [54/440] 20210927 https://www.lieferando.de/speisekarte/ahiah … 0 items
  [55/440] 20210917 https://www.lieferando.de/speisekarte/ahsa … 0 items
  [56/440] 20210927 https://www.lieferando.de/speisekarte/ajino-sushibar-mannheim … 0 items
  [57/440] 20210920 https://www.lieferando.de/speisekarte/akaszja … 0 items
  [58/440] 20210923 https://www.lieferando.de/speisekarte/akdogan-grill … 0 items
  [59/440] 20210730 https://www.lieferando.de/speisekarte/akiko-sushi … 0 items
  [60/440] 20210927 https://www.lieferando.de/speisekarte/akropolis-grill-dortmund … 0 items
  [61/440] 20211203 https://www.lieferando.de/speisekarte/1001nacht … 0 items
  [62/440] 20211129 https://www.lieferando.de/speisekarte/1990-vegan-living … 0 items
  [63/440] 20211206 https://www.lieferando.de/speisekarte/200g-grillbar … 0 items
  [64/440] 20211025 https://www.lieferando.de/speisekarte/3-brueder-doener-pizzeria … 0 items
  [65/440] 20211130 https://www.lieferando.de/speisekarte/35-millimeter-kinopolis … 0 items
  [66/440] 20211208 https://www.lieferando.de/speisekarte/3hs-1 … 0 items
  [67/440] 20211128 https://www.lieferando.de/speisekarte/60-secondi-pizza-napoletana … 0 items
  [68/440] 20211017 https://www.lieferando.de/speisekarte/7-dumpling-schoenhauser-allee … 0 items
  [69/440] 20211020 https://www.lieferando.de/speisekarte/a-casa-mia … 0 items
  [70/440] 20211128 https://www.lieferando.de/speisekarte/a-domani … 0 items
  [71/440] 20211025 https://www.lieferando.de/speisekarte/a-roma … 0 items
  [72/440] 20211020 https://www.lieferando.de/speisekarte/aab … 0 items
  [73/440] 20211031 https://www.lieferando.de/speisekarte/aarna-devi … 0 items
  [74/440] 20211209 https://www.lieferando.de/speisekarte/about-body-poke-bowl … 0 items
  [75/440] 20211129 https://www.lieferando.de/speisekarte/acquire-paddys-pizza … 0 items
  [76/440] 20211017 https://www.lieferando.de/speisekarte/action-catering-1 … 0 items
  [77/440] 20211203 https://www.lieferando.de/speisekarte/adabina … 0 items
  [78/440] 20211129 https://www.lieferando.de/speisekarte/adana-doener-imbiss-1 … 0 items
  [79/440] 20211022 https://www.lieferando.de/speisekarte/addys-bistro-cafe … 0 items
  [80/440] 20211122 https://www.lieferando.de/speisekarte/adellino … 0 items
  [81/440] 20220121 https://www.lieferando.de/speisekarte/a-one … 0 items
  [82/440] 20220127 https://www.lieferando.de/speisekarte/a1-pizzeria … 0 items
  [83/440] 20220124 https://www.lieferando.de/speisekarte/abelos-griechische-mittelmeerkue … 0 items
  [84/440] 20220122 https://www.lieferando.de/speisekarte/acasa-pizza-1 … 0 items
  [85/440] 20220129 https://www.lieferando.de/speisekarte/achims-beckshaus … 0 items
  [86/440] 20220117 https://www.lieferando.de/speisekarte/adems-imbiss … 0 items
  [87/440] 20220120 https://www.lieferando.de/speisekarte/adler-pizza-express … 0 items
  [88/440] 20220301 https://www.lieferando.de/speisekarte/agathes … 0 items
  [89/440] 20220301 https://www.lieferando.de/speisekarte/agathes?utm_campaign=foodorder&u … 0 items
  [90/440] 20220122 https://www.lieferando.de/speisekarte/agra-pak-indian-cuisine-berlin … 0 items
  [91/440] 20220119 https://www.lieferando.de/speisekarte/akdeniz-doener-backwaren-1997-di … 0 items
  [92/440] 20220211 https://www.lieferando.de/speisekarte/akropolis-grill-falkenstrasse … 0 items
  [93/440] 20220122 https://www.lieferando.de/speisekarte/akropolis-grillhaus … 0 items
  [94/440] 20220117 https://www.lieferando.de/speisekarte/akropolis-reilingen?utm_campaign … 0 items
  [95/440] 20220122 https://www.lieferando.de/speisekarte/akropolis-restaurant-pforzheim … 0 items
  [96/440] 20220122 https://www.lieferando.de/speisekarte/al-baqara-halal … 0 items
  [97/440] 20220121 https://www.lieferando.de/speisekarte/al-cappuccino-kleinostheim … 0 items
  [98/440] 20220125 https://www.lieferando.de/speisekarte/alanya-grill-stavenhagen … 0 items
  [99/440] 20220121 https://www.lieferando.de/speisekarte/alanya-kebab-bad-klosterlausnitz … 0 items
  [100/440] 20220212 https://www.lieferando.de/speisekarte/alara-kebap-pizza … 0 items
  [101/440] 20220601 https://www.lieferando.de/speisekarte/008-look-feel-grill-chinesische- … 0 items
  [102/440] 20220602 https://www.lieferando.de/speisekarte/008-look-feel-grill-chinesische- … 0 items
  [103/440] 20220615 https://www.lieferando.de/speisekarte/7itk … 0 items
  [104/440] 20220613 https://www.lieferando.de/speisekarte/7itk?utm_campaign=foodorder&utm_ … 0 items
  [105/440] 20220628 https://www.lieferando.de/speisekarte/a-magica … 0 items
  [106/440] 20220618 https://www.lieferando.de/speisekarte/aapka-berlin-1?utm_campaign=food … 0 items
  [107/440] 20220625 https://www.lieferando.de/speisekarte/aapka-maybachufer … 0 items
  [108/440] 20220517 https://www.lieferando.de/speisekarte/adam-pizzeria-und-burgerhaus … 0 items
  [109/440] 20220423 https://www.lieferando.de/speisekarte/ajino-sushibar-mannheim?utm_camp … 0 items
  [110/440] 20220519 https://www.lieferando.de/speisekarte/akropolis-grill-bochum … 0 items
  [111/440] 20220517 https://www.lieferando.de/speisekarte/akropolis-grill-restaurant … 0 items
  [112/440] 20220626 https://www.lieferando.de/speisekarte/al-capone-langenselbold … 0 items
  [113/440] 20220628 https://www.lieferando.de/speisekarte/al-dente-pizza-pasta … 0 items
  [114/440] 20220626 https://www.lieferando.de/speisekarte/alanya-grill-und-pizzeria-herfor … 0 items
  [115/440] 20220626 https://www.lieferando.de/speisekarte/alanyali-kebab-haus … 0 items
  [116/440] 20220626 https://www.lieferando.de/speisekarte/alexs-diner … 0 items
  [117/440] 20220626 https://www.lieferando.de/speisekarte/alfredo-pizza-service-dessauer-s … 0 items
  [118/440] 20220529 https://www.lieferando.de/speisekarte/ali-baba-38154 … 0 items
  [119/440] 20220626 https://www.lieferando.de/speisekarte/ali-baba-bruecken … 0 items
  [120/440] 20220627 https://www.lieferando.de/speisekarte/ali-baba-doener-kebap … 0 items
  [121/440] 20220929 https://www.lieferando.de/speisekarte/1111-pizza-pasta … 0 items
  [122/440] 20220930 https://www.lieferando.de/speisekarte/123-pizzeria-hainburg-63512 … 0 items
  [123/440] 20220929 https://www.lieferando.de/speisekarte/1982-vegan-sushi … 0 items
  [124/440] 20220925 https://www.lieferando.de/speisekarte/24-autohof-bad-rappenau … 0 items
  [125/440] 20220926 https://www.lieferando.de/speisekarte/3-birken … 0 items
  [126/440] 20220926 https://www.lieferando.de/speisekarte/36-grad … 0 items
  [127/440] 20220930 https://www.lieferando.de/speisekarte/3h-s-burger-chicken-duesseldorf … 0 items
  [128/440] 20220812 https://www.lieferando.de/speisekarte/a-la-erols … 0 items
  [129/440] 20220927 https://www.lieferando.de/speisekarte/aao-ji-lieferservice … 0 items
  [130/440] 20220930 https://www.lieferando.de/speisekarte/aao-ji-restaurant-eichwalde … 0 items
  [131/440] 20220926 https://www.lieferando.de/speisekarte/abra-kebapra-rickling … 0 items
  [132/440] 20220929 https://www.lieferando.de/speisekarte/abu-samra-restaurant … 0 items
  [133/440] 20220925 https://www.lieferando.de/speisekarte/achilles-griechisches-restaurant … 0 items
  [134/440] 20220701 https://www.lieferando.de/speisekarte/achillion-stuttgart … 0 items
  [135/440] 20220927 https://www.lieferando.de/speisekarte/achmet-doenerhaus … 0 items
  [136/440] 20220930 https://www.lieferando.de/speisekarte/adams-schawerma-palst … 0 items
  [137/440] 20220808 https://www.lieferando.de/speisekarte/adendorfer-pizza-kebabhaus … 0 items
  [138/440] 20220925 https://www.lieferando.de/speisekarte/adesso … 0 items
  [139/440] 20220927 https://www.lieferando.de/speisekarte/aeaedjeschoss … 0 items
  [140/440] 20220927 https://www.lieferando.de/speisekarte/affenfelsen-burger-25524 … 0 items
  [141/440] 20221002 https://www.lieferando.de/speisekarte/00-da-rosario-1 … 0 items
  [142/440] 20221005 https://www.lieferando.de/speisekarte/123-pizzeria-babenhausen-1 … 0 items
  [143/440] 20221007 https://www.lieferando.de/speisekarte/1961-fusion … 0 items
  [144/440] 20221017 https://www.lieferando.de/speisekarte/3133994 … 0 items
  [145/440] 20221017 https://www.lieferando.de/speisekarte/3133994?zanpid=12403_1666029310_ … 0 items
  [146/440] 20221017 https://www.lieferando.de/speisekarte/3133994?zanpid=12403_1666029310_ … 0 items
  [147/440] 20221004 https://www.lieferando.de/speisekarte/5sher … 0 items
  [148/440] 20221004 https://www.lieferando.de/speisekarte/7-days-pizza-1 … 0 items
  [149/440] 20221002 https://www.lieferando.de/speisekarte/a-casa-mia-lorrach … 0 items
  [150/440] 20221031 https://www.lieferando.de/speisekarte/a-casa-mia?zanpid=12403_16672421 … 0 items
  [151/440] 20221031 https://www.lieferando.de/speisekarte/a-casa-mia?zanpid=12403_16672421 … 0 items
  [152/440] 20221210 https://www.lieferando.de/speisekarte/a-casa-tua-ristorantino-muenchen … 0 items
  [153/440] 20221006 https://www.lieferando.de/speisekarte/a-zo-drinks-more … 0 items
  [154/440] 20221204 https://www.lieferando.de/speisekarte/aashirvad-restaurant-berlin … 0 items
  [155/440] 20221129 https://www.lieferando.de/speisekarte/abang-totos-malaysian-deli … 0 items
  [156/440] 20221205 https://www.lieferando.de/speisekarte/abt-restaurant … 0 items
  [157/440] 20221005 https://www.lieferando.de/speisekarte/ada-doener-insel … 0 items
  [158/440] 20221005 https://www.lieferando.de/speisekarte/ada-kebap-doener-pizzeria … 0 items
  [159/440] 20221204 https://www.lieferando.de/speisekarte/adana-pizza-kebab-haus-huenfeld … 0 items
  [160/440] 20221209 https://www.lieferando.de/speisekarte/adem-cafe … 0 items
  [161/440] 20230206 https://www.lieferando.de/speisekarte/3-bs-burger-barbecue-brothers-br … 0 items
  [162/440] 20230322 https://www.lieferando.de/speisekarte/60-seconds-to-napoli-04109 … 0 items
  [163/440] 20230127 https://www.lieferando.de/speisekarte/adana-kebap-pizza-haus-1 … 0 items
  [164/440] 20230201 https://www.lieferando.de/speisekarte/ados-internationale-kueche … 0 items
  [165/440] 20230131 https://www.lieferando.de/speisekarte/afan-lieferservice … 0 items
  [166/440] 20230320 https://www.lieferando.de/speisekarte/afrin-kebap … 0 items
  [167/440] 20230205 https://www.lieferando.de/speisekarte/ajooo-xxl-hotdogs-fabrikstrasse … 0 items
  [168/440] 20230131 https://www.lieferando.de/speisekarte/akin-1 … 0 items
  [169/440] 20230131 https://www.lieferando.de/speisekarte/al-baraka-80336 … 