/Users/erwenchen/Library/Python/3.9/lib/python/site-packages/urllib3/__init__.py:35: NotOpenSSLWarning: urllib3 v2 only supports OpenSSL 1.1.1+, currently the 'ssl' module is compiled with 'LibreSSL 2.8.3'. See: https://github.com/urllib3/urllib3/issues/3020
  warnings.warn(

→ Hawker Chan (Singapore) …
    'Promo'  https://food.grab.com/sg/en/restaurant/feng-sheng-hainanese-chicken-rice-short-street-delivery/4-C6EKJF3CUCAECN?
    'Promo'  https://food.grab.com/sg/en/restaurant/hawker-chan-76-78-smith-street-delivery/4-CYVGGU3TVCLFAT?
    'Promo'  https://food.grab.com/sg/en/restaurant/kam-s-roast-express-ion-orchard-delivery/4-C2VUV35CKA5VET?
    'Promo'  https://food.grab.com/sg/en/restaurant/so-good-char-chan-tang-111-somerset-delivery/4-C2UHTN3WALJKVN?
    'Promo'  https://food.grab.com/sg/en/restaurant/kam-s-roast-express-raffles-city-delivery/4-C3KZJ7DCREEVC2?

→ Seoul Garden HotPot (Singapore) …
    'Promo'  https://food.grab.com/sg/en/restaurant/onikimbap-obba-jjajang-express-clarke-quay-central-delivery/4-C6JJJKW2NUNELJ?
    'Promo'  https://food.grab.com/sg/en/restaurant/seoul-garden-hotpot-harbourfront-centre-delivery/SGDD09383?
    'Promo'  https://food.grab.com/sg/en/restaurant/jin-kimchi-express-korean-family-restaurant-bukit-merah-central-delivery/4-C6CXAEDGETJ2JJ?
    'Promo'  https://food.grab.com/sg/en/restaurant/jinjja-chicken-diner-bugis-delivery/SGDD00659?
    'Promo'  https://food.grab.com/sg/en/restaurant/hanjip-korean-grill-house-the-cannery-delivery/4-C2LALECUDBDJFA?

→ 28 Fried Kway Teow (Singapore) …
    'Promo'  https://food.grab.com/sg/en/restaurant/bao-er-cafe-balestier-plaza-delivery/4-C4JZLZNWLAEKTJ?
    'Promo'  https://food.grab.com/sg/en/restaurant/28-fried-kway-teow-dunman-food-centre-stall-28-delivery/4-CYLCC4CHANVTBE?
    'Promo'  https://food.grab.com/sg/en/restaurant/seabay-delights-v-hotel-lavender-delivery/4-C6UCL22WT72AVX?
    'Promo'  https://food.grab.com/sg/en/restaurant/food-opera-ion-orchard-delivery/4-C2DJCFLYDEBYNJ?
    'Promo'  https://food.grab.com/sg/en/restaurant/gokul-raas-vegetarian-upper-dickson-road-delivery/4-C24WEPXDKEXEUA?

→ Din Tai Fung KL (Malaysia) …
    'Promo'  https://food.grab.com/my/en/restaurant/restoran-lanzhou-mee-tarik-ss2-delivery/1-C6BJBBDVJAXFJN?
    'Promo'  https://food.grab.com/my/en/restaurant/din-tai-fung-the-gardens-mall-non-halal-delivery/1-CY2UGABXFCA2RE?
    'Promo'  https://food.grab.com/my/en/restaurant/the-cabin-pork-noodles-restaurant-sun-hin-loong-non-halal-delivery/1-C4LVAGBWG2CCCA?
    'Promo'  https://food.grab.com/my/en/restaurant/din-by-din-tai-fung-nu-sentral-delivery/1-CY2UGABXEXKABA?
    'Promo'  https://food.grab.com/my/en/restaurant/ah-cheng-kopitiam-masjid-jamek-lrt-station-delivery/1-C6VVLUJUJF5BJX?

→ Sushi Tei KL (Malaysia) …
    (no matches)

→ TGI Fridays KL (Malaysia) …
    (no matches)

→ Madam Kwan's (Malaysia) …
    (no matches)

Wrote /Users/erwenchen/Inflation-menu/candidate_grabfood_urls.json
