/Users/erwenchen/Library/Python/3.9/lib/python/site-packages/urllib3/__init__.py:35: NotOpenSSLWarning: urllib3 v2 only supports OpenSSL 1.1.1+, currently the 'ssl' module is compiled with 'LibreSSL 2.8.3'. See: https://github.com/urllib3/urllib3/issues/3020
  warnings.warn(
Historical HTML scraper — 1 target(s)
per_period=20, max_per_target=500


======================================================================
  Malaysia:grabfood-my  (food.grab.com/my/en/restaurant/*)
======================================================================
  [1/380] 20200521 https://food.grab.com/my/en/restaurant/crust-163-retail-park-delivery/ … 57 items
  [2/380] 20200521 https://food.grab.com/my/en/restaurant/ssi-wifi-arabic-restaurant-stre … 146 items
  [3/380] 20200521 https://food.grab.com/my/en/restaurant/yin-s-sourdough-bakery-cafe-del … 51 items
  [4/380] 20200422 https://food.grab.com/my/en/restaurants … 0 items
  [5/380] 20200518 https://food.grab.com/my/en/restaurants?lng=en&search=secret%20recipe& … 0 items
  [6/380] 20200422 https://food.grab.com/my/en/restaurants?category=bubble-tea-29 … 0 items
  [7/380] 20200502 https://food.grab.com/my/en/restaurants?category=burger-33 … 0 items
  [8/380] 20200501 https://food.grab.com/my/en/restaurants?category=chinese-45 … 0 items
  [9/380] 20200422 https://food.grab.com/my/en/restaurants?category=coffee-47 … 0 items
  [10/380] 20200501 https://food.grab.com/my/en/restaurants?category=dessert-55 … 0 items
  [11/380] 20200502 https://food.grab.com/my/en/restaurants?category=fast-food-62 … 0 items
  [12/380] 20200605 https://food.grab.com/my/en/restaurants?category=filipino-63 … 0 items
  [13/380] 20200422 https://food.grab.com/my/en/restaurants?category=hainanese-chicken-ric … 0 items
  [14/380] 20200507 https://food.grab.com/my/en/restaurants?category=hot-deals-237 … 0 items
  [15/380] 20200501 https://food.grab.com/my/en/restaurants?category=indian-86 … 0 items
  [16/380] 20200502 https://food.grab.com/my/en/restaurants?category=indonesian-87 … 0 items
  [17/380] 20200505 https://food.grab.com/my/en/restaurants?category=italian-88 … 0 items
  [18/380] 20200501 https://food.grab.com/my/en/restaurants?category=japanese-89 … 0 items
  [19/380] 20200501 https://food.grab.com/my/en/restaurants?category=korean-96 … 0 items
  [20/380] 20200531 https://food.grab.com/my/en/restaurants?category=mexican-110 … 0 items
  [21/380] 20200928 https://food.grab.com/my/en/restaurant/15-minutes-bake-royal-plaza-put … fetch fail
  [22/380] 20200929 https://food.grab.com/my/en/restaurant/1981-florist-cafe-riverson-deli … fetch fail
  [23/380] 20200808 https://food.grab.com/my/en/restaurant/4fingers-crispy-chicken-masjid- … fetch fail
  [24/380] 20200924 https://food.grab.com/my/en/restaurant/899-hokkien-mee-kobusak-non-hal … fetch fail
  [25/380] 20200920 https://food.grab.com/my/en/restaurant/a-container-cafe-jalan-kilang-d … fetch fail
  [26/380] 20200919 https://food.grab.com/my/en/restaurant/a-w-bandar-baru-nilai-delivery/ … fetch fail
  [27/380] 20200928 https://food.grab.com/my/en/restaurant/a-w-mydin-seremban-2-delivery/1 … 36 items
  [28/380] 20200924 https://food.grab.com/my/en/restaurant/a-w-seremban-dt-delivery/1-CY32 … 36 items
  [29/380] 20200921 https://food.grab.com/my/en/restaurant/a1-chicken-rice-imago-shopping- … 33 items
  [30/380] 20200925 https://food.grab.com/my/en/restaurant/a1-chicken-rice-itcc-mall-deliv … 33 items
  [31/380] 20200919 https://food.grab.com/my/en/restaurant/abg-long-coconut-shake-cendol-p … 16 items
  [32/380] 20200928 https://food.grab.com/my/en/restaurant/adelphi-co-jalan-damai-non-hala … 29 items
  [33/380] 20200927 https://food.grab.com/my/en/restaurant/alpro-pharmacy-biz-avenue-deliv … 403 items
  [34/380] 20200926 https://food.grab.com/my/en/restaurant/alpro-pharmacy-garden-homes-del … 403 items
  [35/380] 20200928 https://food.grab.com/my/en/restaurant/alpro-pharmacy-jalan-rasah-deli … 403 items
  [36/380] 20200921 https://food.grab.com/my/en/restaurant/alpro-pharmacy-lobak-delivery/1 … 413 items
  [37/380] 20200923 https://food.grab.com/my/en/restaurant/artos-cafe-damai-point-delivery … 33 items
  [38/380] 20200921 https://food.grab.com/my/en/restaurant/auntie-anne-s-aeon-seremban-2-d … 57 items
  [39/380] 20200919 https://food.grab.com/my/en/restaurant/awah-alifa-api-api-centre-deliv … 173 items
  [40/380] 20200920 https://food.grab.com/my/en/restaurant/ay-trad-fried-pork-kuey-teow-sd … 30 items
  [41/380] 20201021 https://food.grab.com/my/en/restaurant/%C2%B1-canteen-mkh-boulevard-no … 36 items
  [42/380] 20201020 https://food.grab.com/my/en/restaurant/%E6%BA%90%E6%9D%A5-the-origin-t … 38 items
  [43/380] 20201204 https://food.grab.com/my/en/restaurant/1-taste-food-centre-jalan-sekam … 104 items
  [44/380] 20201027 https://food.grab.com/my/en/restaurant/100-houz-coffee-breakfast-jalan … 43 items
  [45/380] 20201023 https://food.grab.com/my/en/restaurant/118-papa-mama-restaurant-metro- … 11 items
  [46/380] 20201128 https://food.grab.com/my/en/restaurant/11ridgeway-jalan-ridgeway-deliv … 4 items
  [47/380] 20201019 https://food.grab.com/my/en/restaurant/13th-house-cafe-plaza-prima-set … fetch fail
  [48/380] 20201028 https://food.grab.com/my/en/restaurant/15-grams-coffee-bar-promenade-d … fetch fail
  [49/380] 20201022 https://food.grab.com/my/en/restaurant/168-store-wisma-hainan-delivery … fetch fail
  [50/380] 20201025 https://food.grab.com/my/en/restaurant/18%C2%B0c-cool-blend-jalan-raya … fetch fail
  [51/380] 20201024 https://food.grab.com/my/en/restaurant/1977-new-ipoh-chicken-rice-dama … 50 items
  [52/380] 20201029 https://food.grab.com/my/en/restaurant/2-sneks-little-susan-delivery/M … 130 items
  [53/380] 20201022 https://food.grab.com/my/en/restaurant/21-street-cafe-taman-melaka-ray … 74 items
  [54/380] 20201026 https://food.grab.com/my/en/restaurant/28-barthehood-28-boulevard-non- … 65 items
  [55/380] 20201029 https://food.grab.com/my/en/restaurant/3-monkeys-cafe-bandar-botanik-d … 87 items
  [56/380] 20201028 https://food.grab.com/my/en/restaurant/34-bishop-delivery/1-CYLZJTACVL … 58 items
  [57/380] 20201026 https://food.grab.com/my/en/restaurant/37-2%C2%B0c-cafe-delivery/1-CZA … 126 items
  [58/380] 20201027 https://food.grab.com/my/en/restaurant/3922-wan-tan-mee-jalan-munshi-a … 3 items
  [59/380] 20201101 https://food.grab.com/my/en/restaurant/4-season-music-restaurant-plaza … 37 items
  [60/380] 20201029 https://food.grab.com/my/en/restaurant/49-snow-chew-jetty-delivery/1-C … 36 items
  [61/380] 20210126 https://food.grab.com/my/en/restaurant/13-bento-taman-bukit-indah-deli … 11 items
  [62/380] 20210117 https://food.grab.com/my/en/restaurant/1901-hot-dogs-swan-setapak-deli … 11 items
  [63/380] 20210125 https://food.grab.com/my/en/restaurant/2nd-home-marina-square-2-non-ha … 126 items
  [64/380] 20210302 https://food.grab.com/my/en/restaurant/388-chicken-recipe-taman-island … 9 items
  [65/380] 20210117 https://food.grab.com/my/en/restaurant/4fingers-crispy-chicken-east-co … 61 items
  [66/380] 20210117 https://food.grab.com/my/en/restaurant/4fingers-crispy-chicken-gombak- … 53 items
  [67/380] 20210303 https://food.grab.com/my/en/restaurant/4fingers-crispy-chicken-penang- … 62 items
  [68/380] 20210305 https://food.grab.com/my/en/restaurant/53-larut-matang-food-court-non- … 13 items
  [69/380] 20210121 https://food.grab.com/my/en/restaurant/7-to-8-cafe-lutong-baru-deliver … 27 items
  [70/380] 20210302 https://food.grab.com/my/en/restaurant/718-pizza-persiaran-greentown-8 … fetch fail
  [71/380] 20210305 https://food.grab.com/my/en/restaurant/77-penang-best-rojak-persiaran- … 1 items
  [72/380] 20210307 https://food.grab.com/my/en/restaurant/918-cafe-jalan-chung-thye-phin- … fetch fail
  [73/380] 20210302 https://food.grab.com/my/en/restaurant/a-w-penang-hill-delivery/1-CZCU … 56 items
  [74/380] 20210301 https://food.grab.com/my/en/restaurant/a-w-setapak-central-delivery/MY … 65 items
  [75/380] 20210117 https://food.grab.com/my/en/restaurant/aariya-bhavan-jalan-tun-sambant … 516 items
  [76/380] 20210120 https://food.grab.com/my/en/restaurant/absolute-thai-toppen-shopping-c … 36 items
  [77/380] 20210308 https://food.grab.com/my/en/restaurant/addon-white-coffee-jalan-raja-e … 101 items
  [78/380] 20210301 https://food.grab.com/my/en/restaurant/adyar-ananda-bhavan-brickfields … 16 items
  [79/380] 20210122 https://food.grab.com/my/en/restaurant/ages-ago-sutera-mall-delivery/1 … 15 items
  [80/380] 20210301 https://food.grab.com/my/en/restaurant/ah-cheng-bbq-seafood-jalan-meda … 16 items
  [81/380] 20210423 https://food.grab.com/my/en/restaurant/103-coffee-workshop-aeon-maluri … 105 items
  [82/380] 20210517 https://food.grab.com/my/en/restaurant/1977-new-ipoh-chicken-rice-peta … 75 items
  [83/380] 20210518 https://food.grab.com/my/en/restaurant/200%C3%A2%C2%B0c-chicken-cutlet … 39 items
  [84/380] 20210414 https://food.grab.com/my/en/restaurant/2118-lorong-baru-non-halal-deli … 9 items
  [85/380] 20210622 https://food.grab.com/my/en/restaurant/22-kam-wan-white-coffee-aneka-s … 77 items
  [86/380] 20210623 https://food.grab.com/my/en/restaurant/28-hainanese-chicken-rice-pavil … 91 items
  [87/380] 20210421 https://food.grab.com/my/en/restaurant/2f-coffee-roastery-mart-relau-d … 7 items
  [88/380] 20210508 https://food.grab.com/my/en/restaurant/300-restaurant-bar-desserts-del … 63 items
  [89/380] 20210518 https://food.grab.com/my/en/restaurant/3bg-%E2%80%93-3bg-food-station- … 31 items
  [90/380] 20210509 https://food.grab.com/my/en/restaurant/4fingers-crispy-chicken-desa-sr … 58 items
  [91/380] 20210418 https://food.grab.com/my/en/restaurant/4fingers-crispy-chicken-dpulze- … 61 items
  [92/380] 20210517 https://food.grab.com/my/en/restaurant/4fingers-crispy-chicken-ioi-cit … fetch fail
  [93/380] 20210512 https://food.grab.com/my/en/restaurant/4fingers-crispy-chicken-komtar- … fetch fail
  [94/380] 20210423 https://food.grab.com/my/en/restaurant/4fingers-crispy-chicken-medan-n … 54 items
  [95/380] 20210517 https://food.grab.com/my/en/restaurant/4fingers-crispy-chicken-petrona … fetch fail
  [96/380] 20210410 https://food.grab.com/my/en/restaurant/4fingers-crispy-chicken-sunway- … 61 items
  [97/380] 20210615 https://food.grab.com/my/en/restaurant/575-restaurant-plaza-kingfisher … 33 items
  [98/380] 20210620 https://food.grab.com/my/en/restaurant/67-bus-cafe-changkat-bukit-bint … 36 items
  [99/380] 20210507 https://food.grab.com/my/en/restaurant/67-cafe-jalan-putera-delivery/1 … 117 items
  [100/380] 20210508 https://food.grab.com/my/en/restaurant/7-sins-fusion-kayu-ara-delivery … 8 items
  [101/380] 20210921 https://food.grab.com/my/en/restaurant/18-topspot-seafood-ah-hock-jala … 41 items
  [102/380] 20210727 https://food.grab.com/my/en/restaurant/88keto-mart-bangsar-delivery/1- … 38 items
  [103/380] 20210724 https://food.grab.com/my/en/restaurant/899-classic-bistro-cafe-bandar- … 26 items
  [104/380] 20210921 https://food.grab.com/my/en/restaurant/96-takar-pastry-house-tabuan-ja … 125 items
  [105/380] 20210917 https://food.grab.com/my/en/restaurant/99-fresh-mart-tabuan-tranquilit … 199 items
  [106/380] 20210725 https://food.grab.com/my/en/restaurant/a-look-eyewear-aeon-seremban-2- … 118 items
  [107/380] 20210919 https://food.grab.com/my/en/restaurant/a-mart-jalan-medan-tuanku-deliv … 200 items
  [108/380] 20210724 https://food.grab.com/my/en/restaurant/a-w%C2%AE-kluang-mall-delivery/ … 50 items
  [109/380] 20210926 https://food.grab.com/my/en/restaurant/abc-anak-melaka-medan-selera-da … 38 items
  [110/380] 20210726 https://food.grab.com/my/en/restaurant/absolute-thai-sunway-big-box-de … 35 items
  [111/380] 20210803 https://food.grab.com/my/en/restaurant/adult-food-beverage-bangsar-vil … 0 items
  [112/380] 20210916 https://food.grab.com/my/en/restaurant/after-4-kopitiam-aiman-mall-del … 200 items
  [113/380] 20210917 https://food.grab.com/my/en/restaurant/after-4-kopitiam-jalan-rubber-d … 200 items
  [114/380] 20210921 https://food.grab.com/my/en/restaurant/ags-fried-chicken-bachang-deliv … 7 items
  [115/380] 20210918 https://food.grab.com/my/en/restaurant/ah-boon-chicken-rice-icom-squar … fetch fail
  [116/380] 20210924 https://food.grab.com/my/en/restaurant/ah-boon-chicken-rice-jalan-ang- … 6 items
  [117/380] 20210927 https://food.grab.com/my/en/restaurant/ah-boon-chicken-rice-jalan-rubb … fetch fail
  [118/380] 20210731 https://food.grab.com/my/en/restaurant/ah-cheng-laksa-aeon-nilai-deliv … 40 items
  [119/380] 20210925 https://food.grab.com/my/en/restaurant/ah-fen-cafe-jalan-ang-cheng-ho- … fetch fail
  [120/380] 20210917 https://food.grab.com/my/en/restaurant/ah-huat-nasi-lemak-kukus-tradis … 84 items
  [121/380] 20211225 https://food.grab.com/my/en/restaurant/canton-kitchen-sri-rampai-non-h … 96 items
  [122/380] 20211127 https://food.grab.com/my/en/restaurant/fahrenheit-600-delivery/MYDD048 … 133 items
  [123/380] 20211205 https://food.grab.com/my/en/restaurant/madam-kwan-s-imago-shopping-mal … 109 items
  [124/380] 20211023 https://food.grab.com/my/en/restaurant/nanyang-cafe-cheras-traders-squ … 123 items
  [125/380] 20211018 https://food.grab.com/my/en/restaurant/nanyang-cafe-pavilion-elite-non … 123 items
  [126/380] 20211018 https://food.grab.com/my/en/restaurant/starbucks-johor-bahru-city-squa … 149 items
  [127/380] 20211216 https://food.grab.com/my/en/restaurant/takoatok-1-shamelin-delivery/1- … 6 items
  [128/380] 20211220 https://food.grab.com/my/en/restaurant/the-cafe-more-the-fare-delivery … 168 items
  [129/380] 20211028 https://food.grab.com/my/en/restaurant/the-majapahit-mont-kiara-delive … 91 items
  [130/380] 20211116 https://food.grab.com/my/en/restaurant/warung-pok-kob-de-salai-jalan-l … 19 items
  [131/380] 20220315 https://food.grab.com/my/en/restaurant/cafe-marhaban-rizq-maju-jalan-s … 12 items
  [132/380] 20220313 https://food.grab.com/my/en/restaurant/chef-kecik-jalan-eco-majestic-9 … 32 items
  [133/380] 20220112 https://food.grab.com/my/en/restaurant/d-laksa-mytown-delivery/1-CYVZV … 17 items
  [134/380] 20220208 https://food.grab.com/my/en/restaurant/dt-cafe-shellout-and-western-de … 165 items
  [135/380] 20220208 https://food.grab.com/my/en/restaurant/dt-cafe-shellout-and-western-de … 165 items
  [136/380] 20220325 https://food.grab.com/my/en/restaurant/kopi-saigon-kampung-baru-delive … 28 items
  [137/380] 20220227 https://food.grab.com/my/en/restaurant/mikey-s-original-new-york-pizza … 43 items
  [138/380] 20220308 https://food.grab.com/my/en/restaurant/nasi-gadow-taman-villa-putra-de … fetch fail
  [139/380] 20220205 https://food.grab.com/my/en/restaurant/nitro-kl-enjoys-corner-delivery … fetch fail
  [140/380] 20220106 https://food.grab.com/my/en/restaurant/soong-kee-setapak-since-1945-no … 21 items
  [141/380] 20220310 https://food.grab.com/my/en/restaurant/tasty-chapathi-pj-delivery/MYDD … 196 items
  [142/380] 20220316 https://food.grab.com/my/en/restaurant/the-brew-crew-lalaport-bukit-bi … 43 items
  [143/380] 20220316 https://food.grab.com/my/en/restaurant/the-brew-crew-serba-dinamik-bie … 31 items
  [144/380] 20220114 https://food.grab.com/my/en/restaurant/watsons-pavilion-delivery/1-CZM … 200 items
  [145/380] 20220201 https://food.grab.com/my/en/restaurant/watsons-pavilion-delivery/1-CZM … 190 items
  [146/380] 20220111 https://food.grab.com/my/en/restaurants?lng=en&search=Guardian&pid=Fac … 0 items
  [147/380] 20220111 https://food.grab.com/my/en/restaurants?lng=en&search=Guardian&pid=Fac … 0 items
  [148/380] 20220214 https://food.grab.com/my/en/restaurants?lng=en&search=Guardian&pid=Fac … 0 items
  [149/380] 20220326 https://food.grab.com/my/en/restaurants?lng=en&search=HeroMarket&pid=F … 0 items
  [150/380] 20220407 https://food.grab.com/my/en/restaurant/john-satay-taman-tenaga-deliver … 5 items
  [151/380] 20220407 https://food.grab.com/my/en/restaurant/restoran-satay-point-sri-bandar … 41 items
  [152/380] 20220505 https://food.grab.com/my/en/restaurants?lng=en&search=Guardian&pid=Fac … 0 items
  [153/380] 20220406 https://food.grab.com/my/en/restaurants?lng=en&search=4fingers&pid … 0 items
  [154/380] 20220728 https://food.grab.com/my/en/restaurant/orka-kava-taman-petronesa-deliv … 15 items
  [155/380] 20220921 https://food.grab.com/my/en/restaurant/pak-ali-char-kuey-teow-setia-al … 18 items
  [156/380] 20220902 https://food.grab.com/my/en/restaurant/shariff-nasi-kandar-gelugor-tam … 5 items
  [157/380] 20220710 https://food.grab.com/my/en/restaurants?lng=en&search=Guardian&pid=Fac … 0 items
  [158/380] 20220814 https://food.grab.com/my/en/restaurants?lng=en&search=Guardian&pid=Fac … 0 items
  [159/380] 20220911 https://food.grab.com/my/en/restaurants?lng=en&search=Guardian&pid=Fac … 0 items
  [160/380] 20220828 https://food.grab.com/my/en/restaurants?lng=en&search=Watsons&pid=Webs … fetch fail
  [161/380] 20221105 https://food.grab.com/my/en/restaurant/ayam-kicap-gaduh-taman-salak-pe … fetch fail
  [162/380] 20221002 https://food.grab.com/my/en/restaurant/ayo-taman-desa-petaling-deliver … fetch fail
  [163/380] 20221008 https://food.grab.com/my/en/restaurant/che-minah-ayam-percik-taman-per … 57 items
  [164/380] 20221214 https://food.grab.com/my/en/restaurant/chicken-rice-%E8%80%81%E5%8F%8B … 30 items
  [165/380] 20221025 https://food.grab.com/my/en/restaurant/kopitok-jalan-raja-syed-alwi-de … 79 items
  [166/380] 20221129 https://food.grab.com/my/en/restaurant/mohd-chan-sunway-geo-avenue-del … fetch fail
  [167/380] 20221115 https://food.grab.com/my/en/restaurant/mr-tako-kelana-jaya-dataran-glo … 12 items
  [168/380] 20221219 https://food.grab.com/my/en/restaurant/sri-ganapathi-mess-petaling-jay … 43 items
  [169/380] 20221110 https://food.grab.com/my/en/restaurant/the-coffee-bean-tea-leaf-pavili … 177 items
  [170/380] 20221013 https://food.grab.com/my/en/restaurants?lng=en&search=Guardian&pid=Fac … 0 items
  [171/380] 20221112 https://food.grab.com/my/en/restaurants?lng=en&search=Guardian&pid=Fac … 0 items
  [172/380] 20221210 https://food.grab.com/my/en/restaurants?lng=en&search=Guardian&pid=Fac … 0 items
  [173/380] 20230227 https://food.grab.com/my/en/restaurant/bowleh-glomac-square-delivery/1 … 0 items
  [174/380] 20230331 https://food.grab.com/my/en/restaurant/hot-cross-buns-whole-cakes-cent … 0 items
  [175/380] 20230314 https://food.grab.com/my/en/restaurant/ipoh-station-cafe-medan-stesen- … 0 items
  [176/380] 20230325 https://food.grab.com/my/en/restaurant/kopi-dan-studio-taman-tun-dr-is … 0 items
  [177/380] 20230331 https://food.grab.com/my/en/restaurant/lot-10-hutong-lot-10-non-halal- … 200 items
  [178/380] 20230209 https://food.grab.com/my/en/restaurant/nazaria-corner-medan-selera-men … 8 items
  [179/380] 20230224 https://food.grab.com/my/en/restaurant/restoran-patatimo-jalan-wangsa- … 119 items
  [180/380] 20230127 https://food.grab.com/my/en/restaurant/starbucks-batu-ferringhi-delive … 132 items
  [181/380] 20230331 https://food.grab.com/my/en/restaurant/tapaqking-ikan-bakar-jalan-pant … 0 items
  [182/380] 20230309 https://food.grab.com/my/en/restaurant/taste-of-asia-cafe-bangunan-per … 73 items
  [183/380] 20230224 https://food.grab.com/my/en/restaurant/the-bao-cuisine-taman-setapak-i … 10 items
  [184/380] 20230110 https://food.grab.com/my/en/restaurant/the-coffee-lounge-grand-hallmar … fetch fail
  [185/380] 20230110 https://food.grab.com/my/en/restaurant/the-coffee-lounge-hallmark-rege … fetch fail
  [186/380] 20230329 https://food.grab.com/my/en/restaurant/the-piggy-mookata-taipan-busine … 69 items
  [187/380] 20230329 https://food.grab.com/my/en/restaurant/warung-kak-ros-kampung-jana-bar … fetch fail
  [188/380] 20230315 https://food.grab.com/my/en/restaurant/yolomen-taman-melaka-raya-deliv … 18 items
  [189/380] 20230108 https://food.grab.com/my/en/restaurants?lng=en&search=Guardian&pid=Fac … 0 items
  [190/380] 20230311 https://food.grab.com/my/en/restaurants?lng=en&search=Guardian&pid=Fac … fetch fail
  [191/380] 20230525 https://food.grab.com/my/en/restaurant/froth-summit-usj-delivery/1-C2W … 4 items
  [192/380] 20230628 https://food.grab.com/my/en/restaurant/kaloori-taman-desa-tebrau-deliv … 33 items
  [193/380] 20230525 https://food.grab.com/my/en/restaurant/kungfu-ramen-summit-usj-deliver … 153 items
  [194/380] 20230525 https://food.grab.com/my/en/restaurant/nyonya-cendol-summit-usj-delive … 83 items
  [195/380] 20230524 https://food.grab.com/my/en/restaurant/subway-summit-usj-delivery/1-CY … 0 items
  [196/380] 20230626 https://food.grab.com/my/en/restaurant/tok-ibu-heritage-residensi-puch … 27 items
  [197/380] 20230629 https://food.grab.com/my/en/restaurants?lng=en&search=Guardian&pid=Fac … 0 items
  [198/380] 20230408 https://food.grab.com/my/en/restaurants?lng=en&search=Guardian&pid=Fac … 0 items
  [199/380] 20230513 https://food.grab.com/my/en/restaurants?lng=en&search=Guardian&pid=Fac … 0 items
  [200/380] 20230611 https://food.grab.com/my/en/restaurants?lng=en&search=Guardian&pid=Fac … 0 items
  [201/380] 20230621 https://food.grab.com/my/en/restaurants?lng=en&search=Guardian&pid=Fac … 0 items
  [202/380] 20230629 https://food.grab.com/my/en/restaurants?lng=en&search=Guardian&pid=Fac … 0 items
  [203/380] 20230629 https://food.grab.com/my/en/restaurants?lng=en&search=Guardian&pid=Fac … 0 items
  [204/380] 20231028 https://food.grab.com/my/en/restaurant/1901-petronas-setapak-indah-del … 51 items
  [205/380] 20231218 https://food.grab.com/my/en/restaurant/1977-new-ipoh-chicken-rice-sri- … 73 items
  [206/380] 20231214 https://food.grab.com/my/en/restaurant/9t6-chicken-eon-s-foodcourt-del … 44 items
  [207/380] 20231012 https://food.grab.com/my/en/restaurant/abento-kampung-pulau-rusa-deliv … 49 items
  [208/380] 20231023 https://food.grab.com/my/en/restaurant/addin-ayam-rangup-platinum-walk … fetch fail
  [209/380] 20231028 https://food.grab.com/my/en/restaurant/ador-cafe-vegetarian-kl-gateway … fetch fail
  [210/380] 20231021 https://food.grab.com/my/en/restaurant/alta-burger-jalan-sultan-delive … fetch fail
  [211/380] 20231211 https://food.grab.com/my/en/restaurant/ann-ash-beverages-kuala-lumpur- … 13 items
  [212/380] 20231020 https://food.grab.com/my/en/restaurant/asam-pedas-premier-ioi-city-mal … 41 items
  [213/380] 20231025 https://food.grab.com/my/en/restaurant/asam-pedas-premier-setia-city-m … 45 items
  [214/380] 20231013 https://food.grab.com/my/en/restaurant/asam-pedas-premier-tropicana-ga … 41 items
  [215/380] 20231011 https://food.grab.com/my/en/restaurant/atdekat-lepaking-2-0-delivery/1 … 21 items
  [216/380] 20231026 https://food.grab.com/my/en/restaurant/ayam-gunting-subdepo-branch-put … 9 items
  [217/380] 20231023 https://food.grab.com/my/en/restaurant/ayam-gunting-subdepo-branch-sur … 12 items
  [218/380] 20231021 https://food.grab.com/my/en/restaurant/big-big-bowl-dessert-wisma-ramp … fetch fail
  [219/380] 20231217 https://food.grab.com/my/en/restaurant/bloo-berry-bakes-seksyen-u13-de … 60 items
  [220/380] 20231013 https://food.grab.com/my/en/restaurant/breadfruits-hartamas-non-halal- … 84 items
  [221/380] 20231011 https://food.grab.com/my/en/restaurant/breakfast-from-the-barn-lorong- … 66 items
  [222/380] 20231023 https://food.grab.com/my/en/restaurant/bsy-sugarstation-mart-taman-buk … 12 items
  [223/380] 20231011 https://food.grab.com/my/en/restaurant/btb-x-kiesar-taman-pekan-baru-d … 14 items
  [224/380] 20240212 https://food.grab.com/my/en/restaurant/toh-thoo%E9%A3%9F%E9%A5%B1%E5%9 … 63 items
  [225/380] 20240212 https://food.grab.com/my/en/restaurant/tsuen-wan-restaurant-pearl-shop … 117 items
  [226/380] 20240112 https://food.grab.com/my/en/restaurant/warakuya-japanese-garden-sri-pe … 185 items
  [227/380] 20240212 https://food.grab.com/my/en/restaurants?category=promos-delivery&id=70 … 0 items
  [228/380] 20240212 https://food.grab.com/my/en/restaurants?category=promos-delivery&id=70 … 0 items
  [229/380] 20240112 https://food.grab.com/my/en/restaurants?lng=en&search=warakuya … 0 items
  [230/380] 20240112 https://food.grab.com/my/en/restaurants?lng=en&search=warakuya&support … 0 items
  [231/380] 20240621 https://food.grab.com/my/en/restaurant/taiwani%E2%80%99s-dessert-cyber … 72 items
  [232/380] 20240619 https://food.grab.com/my/en/restaurants?search=korean-food … fetch fail
  [233/380] 20240914 https://food.grab.com/my/en/restaurant/dedaun-cafe-jalan-gong-dermin-d … fetch fail
  [234/380] 20240729 https://food.grab.com/my/en/restaurant/mynews-crown-regency-delivery/1 … fetch fail
  [235/380] 20240910 https://food.grab.com/my/en/restaurant/nasi-kukus-dam-chow-kit-deliver … fetch fail
  [236/380] 20240911 https://food.grab.com/my/en/restaurant/rasa-rosz-publika-delivery/1-CZ … 26 items
  [237/380] 20240706 https://food.grab.com/my/en/restaurants?lng=en&search=Guardian&pid=Fac … 0 items
  [238/380] 20240729 https://food.grab.com/my/en/restaurants?search=cheetos&lng=en&support- … 0 items
  [239/380] 20240818 https://food.grab.com/my/en/restaurants?lng=en&search=potato%20story … 0 items
  [240/380] 20240729 https://food.grab.com/my/en/restaurants?search=cheetos&support-deeplin … 0 items
  [241/380] 20241202 https://food.grab.com/my/en/restaurant/1977-new-ipoh-chicken-rice-desa … 89 items
  [242/380] 20241104 https://food.grab.com/my/en/restaurant/21-shopping-mart-damansara-perd … 198 items
  [243/380] 20241212 https://food.grab.com/my/en/restaurant/8p-concept-sdn-bhd-taman-midah- … 198 items
  [244/380] 20241213 https://food.grab.com/my/en/restaurant/abadi-cafeteria-ttdi-delivery/M … 103 items
  [245/380] 20241212 https://food.grab.com/my/en/restaurant/abang-adik-kopitiam-bandar-menj … 184 items
  [246/380] 20241202 https://food.grab.com/my/en/restaurant/adult-food-beverage-bukit-daman … 170 items
  [247/380] 20241202 https://food.grab.com/my/en/restaurant/akak-western-bazaria-pantai-del … 72 items
  [248/380] 20241202 https://food.grab.com/my/en/restaurant/all-star-burgers-foodle-kuchai- … 38 items
  [249/380] 20241213 https://food.grab.com/my/en/restaurant/an-viet-the-gardens-non-halal-d … 69 items
  [250/380] 20241202 https://food.grab.com/my/en/restaurant/auntea-jenny-bandar-baru-sri-pe … 36 items
  [251/380] 20241213 https://food.grab.com/my/en/restaurant/auntie-anne-s-sogo-kl-delivery/ … 51 items
  [252/380] 20241213 https://food.grab.com/my/en/restaurant/avocadian-avocado-milkshake-ban … 50 items
  [253/380] 20241202 https://food.grab.com/my/en/restaurant/ayam-crispy-house-damansara-per … 62 items
  [254/380] 20241213 https://food.grab.com/my/en/restaurant/ayam-gepuk-pak-gembus-jalan-ban … 31 items
  [255/380] 20241107 https://food.grab.com/my/en/restaurant/ayam-kipuk-viral-kicap-gepuk-pv … 31 items
  [256/380] 20241104 https://food.grab.com/my/en/restaurant/ayam-penyet-kak-zai-ridzuan-con … fetch fail
  [257/380] 20241212 https://food.grab.com/my/en/restaurant/b%E2%80%99fries-seasons-garden- … fetch fail
  [258/380] 20241202 https://food.grab.com/my/en/restaurant/b-bap-on-the-go-nu-sentral-deli … fetch fail
  [259/380] 20241213 https://food.grab.com/my/en/restaurant/bachelor-s-pizza-co-bangsar-del … 75 items
  [260/380] 20241104 https://food.grab.com/my/en/restaurant/bachelor-s-pizza-co-petaling-ja … fetch fail
  [261/380] 20250318 https://food.grab.com/my/en/restaurant/%E5%BE%90%E5%B8%88%E5%82%85%E5% … 110 items
  [262/380] 20250117 https://food.grab.com/my/en/restaurant/8p-concept-sdn-bhd-taman-midah- … 198 items
  [263/380] 20250323 https://food.grab.com/my/en/restaurant/a-w%C2%AE-petaling-jaya-deliver … 0 items
  [264/380] 20250117 https://food.grab.com/my/en/restaurant/a-w%C2%AE-rivercity-delivery/1- … 124 items
  [265/380] 20250115 https://food.grab.com/my/en/restaurant/a-w%C2%AE-sunway-putra-mall-del … 117 items
  [266/380] 20250119 https://food.grab.com/my/en/restaurant/abadi-cafeteria-ttdi-delivery/M … 110 items
  [267/380] 20250117 https://food.grab.com/my/en/restaurant/abang-adik-kopitiam-bandar-menj … 184 items
  [268/380] 20250317 https://food.grab.com/my/en/restaurant/abc-banana-leaf-brickfields-del … 200 items
  [269/380] 20250115 https://food.grab.com/my/en/restaurant/abc-bistro-cafe-delivery/MYDD10 … 63 items
  [270/380] 20250322 https://food.grab.com/my/en/restaurant/abc-bistro-cafe-selangor-mansio … 0 items
  [271/380] 20250119 https://food.grab.com/my/en/restaurant/abc-food-s-corner-pantai-dalam- … 14 items
  [272/380] 20250119 https://food.grab.com/my/en/restaurant/abc-one-bistro-banana-leaf-bric … 93 items
  [273/380] 20250115 https://food.grab.com/my/en/restaurant/abc-z-cafe-pantai-hill-park-del … 121 items
  [274/380] 20250115 https://food.grab.com/my/en/restaurant/addy-buang-burger-corner-delive … 149 items
  [275/380] 20250209 https://food.grab.com/my/en/restaurant/adult-food-beverage-bangsar-non … 151 items
  [276/380] 20250322 https://food.grab.com/my/en/restaurant/agrain-menara-hap-seng-delivery … 0 items
  [277/380] 20250322 https://food.grab.com/my/en/restaurant/ai-cha-berjaya-times-square-del … 0 items
  [278/380] 20250323 https://food.grab.com/my/en/restaurant/ai-cha-pantai-dalam-taman-bukit … 0 items
  [279/380] 20250322 https://food.grab.com/my/en/restaurant/aim-burger-kerinchi-delivery/1- … 0 items
  [280/380] 20250322 https://food.grab.com/my/en/restaurant/al-haji-bistro-kampung-attap-de … fetch fail
  [281/380] 20250516 https://food.grab.com/my/en/restaurant/4fingers-crispy-chicken-masjid- … fetch fail
  [282/380] 20250622 https://food.grab.com/my/en/restaurant/a-pie-thing-delivery/MYDD06474 … fetch fail
  [283/380] 20250620 https://food.grab.com/my/en/restaurant/a-w%C2%AE-rivercity-delivery/1- … 0 items
  [284/380] 20250429 https://food.grab.com/my/en/restaurant/abc-banana-leaf-brickfields-del … 0 items
  [285/380] 20250419 https://food.grab.com/my/en/restaurant/abc-one-bistro-banana-leaf-bric … 0 items
  [286/380] 20250516 https://food.grab.com/my/en/restaurant/aburi-sushi-gurney-plaza-delive … 0 items
  [287/380] 20250622 https://food.grab.com/my/en/restaurant/achutha-banana-leaf-brickfields … 0 items
  [288/380] 20250620 https://food.grab.com/my/en/restaurant/adriana-burger-shop-pantai-hill … 0 items
  [289/380] 20250429 https://food.grab.com/my/en/restaurant/agrain-menara-hap-seng-delivery … 0 items
  [290/380] 20250519 https://food.grab.com/my/en/restaurant/ai-cha-cova-square-damansara-de … 0 items
  [291/380] 20250622 https://food.grab.com/my/en/restaurant/al-bidayah-juice-king-brickfiel … 0 items
  [292/380] 20250622 https://food.grab.com/my/en/restaurant/albertwines2u-taman-perindustri … 0 items
  [293/380] 20250422 https://food.grab.com/my/en/restaurant/ali-food-corner-bandar-tun-raza … 0 items
  [294/380] 20250622 https://food.grab.com/my/en/restaurant/amazen-house-q-sentral-delivery … 0 items
  [295/380] 20250422 https://food.grab.com/my/en/restaurant/amira-one-bistro-bandar-sri-per … 0 items
  [296/380] 20250419 https://food.grab.com/my/en/restaurant/an-viet-the-gardens-non-halal-d … 0 items
  [297/380] 20250622 https://food.grab.com/my/en/restaurant/atio-brickfields-delivery/1-CZK … 0 items
  [298/380] 20250419 https://food.grab.com/my/en/restaurant/auntea-jenny-sunway-velocity-ma … 0 items
  [299/380] 20250622 https://food.grab.com/my/en/restaurant/auntie-anne-s-nu-sentral-delive … 0 items
  [300/380] 20250519 https://food.grab.com/my/en/restaurant/azuma-japanese-restaurant-queen … 0 items
  [301/380] 20250918 https://food.grab.com/my/en/restaurant/17-gram-beans-usj-7-delivery/1- … 44 items
  [302/380] 20250720 https://food.grab.com/my/en/restaurant/19-avenue-persiaran-greenhill-d … 35 items
  [303/380] 20250814 https://food.grab.com/my/en/restaurant/1901-hot-dogs-kl-east-mall-deli … fetch fail
  [304/380] 20250814 https://food.grab.com/my/en/restaurant/1901-menara-pernas-delivery/1-C … fetch fail
  [305/380] 20250814 https://food.grab.com/my/en/restaurant/1901-plaza-shah-alam-delivery/1 … fetch fail
  [306/380] 20250815 https://food.grab.com/my/en/restaurant/1901-sogo-kl-delivery/1-C65BJ6B … fetch fail
  [307/380] 20250918 https://food.grab.com/my/en/restaurant/a-w%C2%AE-pearl-point-delivery/ … 95 items
  [308/380] 20250710 https://food.grab.com/my/en/restaurant/abc-food-s-corner-pantai-dalam- … 153 items
  [309/380] 20250718 https://food.grab.com/my/en/restaurant/ai-cha-pudu-plaza-pudu-plaza-sh … 50 items
  [310/380] 20250815 https://food.grab.com/my/en/restaurant/al-khatiri-kofee-bandar-baru-ku … 200 items
  [311/380] 20250917 https://food.grab.com/my/en/restaurant/ali-muthu-ah-hock-kopitiam-peta … 86 items
  [312/380] 20250718 https://food.grab.com/my/en/restaurant/alriaz-catering-baby-food-villa … 50 items
  [313/380] 20250718 https://food.grab.com/my/en/restaurant/amazen-house-q-sentral-delivery … 6 items
  [314/380] 20250913 https://food.grab.com/my/en/restaurant/antipodean-sunway-velocity-two- … 108 items
  [315/380] 20250813 https://food.grab.com/my/en/restaurant/arzu-restaurant-jalan-sultan-az … 114 items
  [316/380] 20250917 https://food.grab.com/my/en/restaurant/asiari-seksyen-9-delivery/1-C2U … 28 items
  [317/380] 20250917 https://food.grab.com/my/en/restaurant/auntea-jenny-express-my-town-sh … 45 items
  [318/380] 20250815 https://food.grab.com/my/en/restaurant/auntea-jenny-lot-10-delivery/1- … 33 items
  [319/380] 20250805 https://food.grab.com/my/en/restaurant/auntie-anne-s-sogo-kl-delivery/ … 54 items
  [320/380] 20250917 https://food.grab.com/my/en/restaurant/ayam-kipuk-viral-kicap-gepuk-pv … 31 items
  [321/380] 20251013 https://food.grab.com/my/en/restaurant/16-degrees-chinatown-delivery/1 … 35 items
  [322/380] 20251106 https://food.grab.com/my/en/restaurant/888-cheese-potato-kl-citywalk-d … 0 items
  [323/380] 20251013 https://food.grab.com/my/en/restaurant/adalah-bangsar-baru-delivery/1- … 29 items
  [324/380] 20251014 https://food.grab.com/my/en/restaurant/all-star-burgers-foodle-kl-city … 61 items
  [325/380] 20251106 https://food.grab.com/my/en/restaurant/amazin-graze-official-store-buk … 0 items
  [326/380] 20251207 https://food.grab.com/my/en/restaurant/amira-one-bistro-bandar-sri-per … 0 items
  [327/380] 20251013 https://food.grab.com/my/en/restaurant/art-embroidery-southgate-commer … fetch fail
  [328/380] 20251113 https://food.grab.com/my/en/restaurant/asiari-ioi-city-mall-delivery/1 … fetch fail
  [329/380] 20251014 https://food.grab.com/my/en/restaurant/auntea-jenny-express-my-town-sh … fetch fail
  [330/380] 20251109 https://food.grab.com/my/en/restaurant/ayam-kicap-berapi-jalan-bangsar … fetch fail
  [331/380] 20251210 https://food.grab.com/my/en/restaurant/ayam-kipuk-viral-kicap-gepuk-pp … 0 items
  [332/380] 20251013 https://food.grab.com/my/en/restaurant/azuma-sushi-village-mall-delive … 200 items
  [333/380] 20251116 https://food.grab.com/my/en/restaurant/bachelor-s-pizza-co-kuala-lumpu … 0 items
  [334/380] 20251013 https://food.grab.com/my/en/restaurant/bae-go-pa-korean-grocer-sunway- … 43 items
  [335/380] 20251207 https://food.grab.com/my/en/restaurant/bakernextdoor-desa-park-city-de … 0 items
  [336/380] 20251109 https://food.grab.com/my/en/restaurant/bala-s-banana-leaf-lucky-garden … 0 items
  [337/380] 20251013 https://food.grab.com/my/en/restaurant/banana-leaf-corner-brickfields- … 192 items
  [338/380] 20251012 https://food.grab.com/my/en/restaurant/bangkok-xpress-bangsar-delivery … 14 items
  [339/380] 20251209 https://food.grab.com/my/en/restaurant/basheer-bistro-lebuh-ampang-del … 0 items
  [340/380] 20251106 https://food.grab.com/my/en/restaurant/bask-bear-coffee-pavilion-elite … 0 items
  [341/380] 20260208 https://food.grab.com/my/en/restaurant/adult-food-beverage-bangsar-non … 0 items
  [342/380] 20260211 https://food.grab.com/my/en/restaurant/al-khatiri-restaurant-bandar-ba … 0 items
  [343/380] 20260123 https://food.grab.com/my/en/restaurant/ame-soeur-jalan-jalil-jaya-2-de … 0 items
  [344/380] 20260213 https://food.grab.com/my/en/restaurant/antipodean-sunway-velocity-two- … 0 items
  [345/380] 20260119 https://food.grab.com/my/en/restaurant/ariff-maju-bistro-jalan-putra-d … 0 items
  [346/380] 20260308 https://food.grab.com/my/en/restaurant/autumn-shrimp-ss15-delivery/1-C … 0 items
  [347/380] 20260211 https://food.grab.com/my/en/restaurant/avocadian-bangsar-delivery/1-CZ … 0 items
  [348/380] 20260211 https://food.grab.com/my/en/restaurant/avosome-z-residence-delivery/1- … 0 items
  [349/380] 20260123 https://food.grab.com/my/en/restaurant/ayam-gepuk-pak-gembus-jalan-ban … 0 items
  [350/380] 20260116 https://food.grab.com/my/en/restaurant/azuma-japanese-restaurant-serem … 0 items
  [351/380] 20260213 https://food.grab.com/my/en/restaurant/b%E2%80%99fries-seasons-garden- … fetch fail
  [352/380] 20260208 https://food.grab.com/my/en/restaurant/bah-ku-teh-klang-yip-yong-kepon … fetch fail
  [353/380] 20260213 https://food.grab.com/my/en/restaurant/bakernextdoor-desa-park-city-de … fetch fail
  [354/380] 20260308 https://food.grab.com/my/en/restaurant/baskin-robbins-3-damansara-deli … fetch fail
  [355/380] 20260215 https://food.grab.com/my/en/restaurant/baskin-robbins-jaya-section-14- … 0 items
  [356/380] 20260123 https://food.grab.com/my/en/restaurant/baskin-robbins-mid-valley-deliv … 0 items
  [357/380] 20260119 https://food.grab.com/my/en/restaurant/baskin-robbins-the-exchange-trx … 0 items
  [358/380] 20260123 https://food.grab.com/my/en/restaurant/baskin-robbins-the-gardens-deli … 0 items
  [359/380] 20260317 https://food.grab.com/my/en/restaurant/bei-gong-cha-%E5%8C%97%E5%AE%AB … 0 items
  [360/380] 20260119 https://food.grab.com/my/en/restaurant/being-juice-foodle-kl-city-cent … 0 items
  [361/380] 20260521 https://food.grab.com/my/en/restaurant/abc-bistro-cafe-delivery/MYDD10 … 136 items
  [362/380] 20260508 https://food.grab.com/my/en/restaurant/ah-cheng-laksa-ioi-puchong-deli … 0 items
  [363/380] 20260520 https://food.grab.com/my/en/restaurant/all-star-burgers-foodle-kl-city … 0 items
  [364/380] 20260520 https://food.grab.com/my/en/restaurant/baskin-robbins-bangsar-delivery … 0 items
  [365/380] 20260520 https://food.grab.com/my/en/restaurant/baskin-robbins-nu-sentral-deliv … 0 items
  [366/380] 20260520 https://food.grab.com/my/en/restaurant/baskin-robbins-uptown-delivery/ … 0 items
  [367/380] 20260520 https://food.grab.com/my/en/restaurant/boost-juice-bars-jakel-mall-del … 0 items
  [368/380] 20260411 https://food.grab.com/my/en/restaurant/burger-q-bukit-damansara-delive … 0 items
  [369/380] 20260508 https://food.grab.com/my/en/restaurant/cafe-la-croisette-by-dadi-cinem … 0 items
  [370/380] 20260520 https://food.grab.com/my/en/restaurant/caveman-coffee-ioi-mall-damansa … 0 items
  [371/380] 20260520 https://food.grab.com/my/en/restaurant/chocolate-concierge-bsc-deliver … 0 items
  [372/380] 20260520 https://food.grab.com/my/en/restaurant/d-apple-fried-chicken-kota-dama … 0 items
  [373/380] 20260520 https://food.grab.com/my/en/restaurant/damascus-restaurant-mont-kiara- … 0 items
  [374/380] 20260520 https://food.grab.com/my/en/restaurant/dancing-fish-bsc-delivery/1-CYV … 0 items
  [375/380] 20260520 https://food.grab.com/my/en/restaurant/dara-burger-bakar-desa-sri-hart … fetch fail
  [376/380] 20260520 https://food.grab.com/my/en/restaurant/eato-enjoy-japanese-teppanyaki- … fetch fail
  [377/380] 20260520 https://food.grab.com/my/en/restaurant/flint-the-curve-delivery/1-C6DA … fetch fail
  [378/380] 20260411 https://food.grab.com/my/en/restaurant/gila-burger-damansara-perdana-d … fetch fail
  [379/380] 20260520 https://food.grab.com/my/en/restaurant/gong-cha-lrt-masjid-jamek-deliv … 0 items
  [380/380] 20260521 https://food.grab.com/my/en/restaurant/goobne-chicken-mytown-delivery/ … 35 items

  Malaysia:grabfood-my: 321 attempts, 206 with items, 16418 rows inserted

======================================================================
Done.
target                                    attempts  hits    rows
  Malaysia:grabfood-my                         321   206   16418
