/Users/erwenchen/Library/Python/3.9/lib/python/site-packages/urllib3/__init__.py:35: NotOpenSSLWarning: urllib3 v2 only supports OpenSSL 1.1.1+, currently the 'ssl' module is compiled with 'LibreSSL 2.8.3'. See: https://github.com/urllib3/urllib3/issues/3020
  warnings.warn(
Phase 0 structural probe — 4 targets, 3 snapshots each
Window: 20180101 → 20260601


======================================================================
GrabFood PH — Philippines — food.grab.com/ph/en/restaurant/*  (expect: priceInMinorUnit)
======================================================================
  5756 distinct URLs, 1360 ≥2-cap, 7600 snapshots, 20190716-20260521

  [1/3] 20260119043756  https://food.grab.com/ph/en/restaurant/hap-chan-tomas-mapua-delivery/2-C2AATBTHF
      kb=211  ld_blocks=0  next_data=True  named_priced_nodes=0
      @type histogram: (empty)
      raw key counts: priceInMinorUnit=0  raw_price=0

  [2/3] 20210619104040  https://food.grab.com/ph/en/restaurant/bonchon-porta-vaga-delivery/2-CZD1AU4XC25
      kb=396  ld_blocks=3  next_data=True  named_priced_nodes=298
      @type histogram: MenuItem:134, Offer:134, MenuSection:18, ListItem:3, Organization:1, Restaurant:1, Menu:1, AggregateRating:1, BreadcrumbList:1
      raw key counts: priceInMinorUnit=164  raw_price=0
      priceInMinorUnit samples:
          ('Staykchon 2+1 Bibimbowl Promo (1)', 0.0)
          ("Father's Day Promo (1)", 0.0)
          ('Staykchon 2+1 Bibimbowl Promo (2)', 0.0)
          ("Father's Day Promo (2)", 0.0)
          ("Father's Day Promo (3)", 0.0)

  [3/3] 20201031084318  https://food.grab.com/ph/en/restaurant/sunae-asian-cantina-bgc-available-for-lon
      kb=230  ld_blocks=3  next_data=True  named_priced_nodes=102
      @type histogram: MenuItem:51, Offer:51, MenuSection:9, ListItem:3, Organization:1, Restaurant:1, PostalAddress:1, Menu:1, AggregateRating:1, GeoCoordinates:1
      raw key counts: priceInMinorUnit=51  raw_price=0
      priceInMinorUnit samples:
          ('Sisig Set', 0.0)
          ('Sotanghon Set', 0.0)
          ('Bun Thit Nuong Set', 0.0)
          ('Khao Soi Set', 0.0)
          ('Fried Wontons', 0.0)

  → GrabFood PH: 2/3 snapshots usable → CONFIRM

======================================================================
GrabFood VN — Vietnam — food.grab.com/vn/en/restaurant/*  (expect: priceInMinorUnit)
======================================================================
  10818 distinct URLs, 1811 ≥2-cap, 13136 snapshots, 20190817-20260520

  [1/3] 20191205223309  https://food.grab.com/vn/en/restaurant/b%C3%A0-h%E1%BA%A1nh-ch%E1%BA%A3-b%C3%B2-
      kb=83  ld_blocks=1  next_data=True  named_priced_nodes=8
      @type histogram: MenuItem:4, Offer:4, Restaurant:1, PostalAddress:1, Menu:1, MenuSection:1, AggregateRating:1, GeoCoordinates:1
      raw key counts: priceInMinorUnit=4  raw_price=0
      priceInMinorUnit samples:
          ('Chả bò Đà Nẵng (500g)', 1500.0)
          ('Chả bò Đà Nẵng (1kg)', 3000.0)
          ('Nem chua - 10 cái', 400.0)
          ('Tré - 10 cái', 600.0)

  [2/3] 20191206160226  https://food.grab.com/vn/en/restaurant/ba-h%C6%B0ng-bakery-phan-%C4%91%C4%83ng-l
      kb=137  ld_blocks=1  next_data=True  named_priced_nodes=70
      @type histogram: MenuItem:35, Offer:35, MenuSection:6, Restaurant:1, PostalAddress:1, Menu:1, AggregateRating:1, GeoCoordinates:1
      raw key counts: priceInMinorUnit=35  raw_price=0
      priceInMinorUnit samples:
          ('Bánh mì thịt chả', 120.0)
          ('Bánh mì thịt nướng', 120.0)
          ('Bánh mì xúc xích', 120.0)
          ('Bánh mì ốp la 2 trứng', 120.0)
          ('Hamburger thịt chả', 120.0)

  [3/3] 20191114044412  https://food.grab.com/vn/en/restaurant/l%E1%BA%A9u-1-ng%C6%B0%E1%BB%9Di-l%C3%AA-
      kb=140  ld_blocks=1  next_data=True  named_priced_nodes=0
      @type histogram: Restaurant:1, PostalAddress:1
      raw key counts: priceInMinorUnit=0  raw_price=0

  → GrabFood VN: 2/3 snapshots usable → CONFIRM

======================================================================
Deliveroo HK — Hong Kong — deliveroo.com.hk/menu/*  (expect: raw_price)
======================================================================
  CDX empty.

======================================================================
Deliveroo AE — UAE — deliveroo.ae/menu/*  (expect: raw_price)
======================================================================
  17134 distinct URLs, 5704 ≥2-cap, 30000 snapshots, 20180725-20260428

  [1/3] 20240914013931  https://deliveroo.ae/menu/Dubai/al-barsha-1/black-tap-moe/?day=today&geohash=thr
      kb=503  ld_blocks=0  next_data=True  named_priced_nodes=118
      @type histogram: (empty)
      raw key counts: priceInMinorUnit=0  raw_price=0

  [2/3] 20210419095753  https://deliveroo.ae/menu/abu-dhabi/al-zahiyah/laduree-abu-dhabi-mall
      kb=333  ld_blocks=0  next_data=False  named_priced_nodes=0
      @type histogram: (empty)
      raw key counts: priceInMinorUnit=0  raw_price=193

  [3/3] 20250213164846  https://deliveroo.ae/menu/Dubai/al-jaddaf/life-in-bloom-flowers-and-sweets?day=t
      kb=191  ld_blocks=0  next_data=True  named_priced_nodes=0
      @type histogram: (empty)
      raw key counts: priceInMinorUnit=0  raw_price=0

  → Deliveroo AE: 1/3 snapshots usable → CONFIRM


======================================================================
SUMMARY
======================================================================
  GrabFood PH    CONFIRM    2/3
  GrabFood VN    CONFIRM    2/3
  Deliveroo HK   BAIL       cdx-empty
  Deliveroo AE   CONFIRM    1/3
