/Users/erwenchen/Library/Python/3.9/lib/python/site-packages/urllib3/__init__.py:35: NotOpenSSLWarning: urllib3 v2 only supports OpenSSL 1.1.1+, currently the 'ssl' module is compiled with 'LibreSSL 2.8.3'. See: https://github.com/urllib3/urllib3/issues/3020
  warnings.warn(
Phase 0 probe (Track B) — 7 pairs
Window: 20180101 → 20260601

[ 1/7] Indonesia      gofood                 gofood.co.id/*
           21093 distinct URLs,  4901 ≥2-cap,  30000 snapshots, 20191119-20251101 (TRUNCATED)
          sampling 20210613082326 https://gofood.co.id/banda-aceh/restaurant/kha-kha-ice-drink-7f177dbc-
          sample: 1024 KB, 0 IDR hits, LD=True ND=True
[ 2/7] Indonesia      gojek food             gojek.com/*/food/*
          0 rows
[ 3/7] Indonesia      gofood jakarta         gofood.co.id/jakarta/*
            7339 distinct URLs,  1344 ≥2-cap,   9791 snapshots, 20200214-20251101
          sampling 20221129135203 https://gofood.co.id/jakarta/jakarta-barat-restaurants/roti
          sample: 313 KB, 0 IDR hits, LD=True ND=True
[ 4/7] Thailand       grabfood TH            food.grab.com/th/en/*
           25029 distinct URLs,  3724 ≥2-cap,  30000 snapshots, 20190817-20241222 (TRUNCATED)
          sampling 20210730163415 https://food.grab.com/th/en/restaurant/on-the-table-%E0%B8%AD%E0%B8%AD
          sample: 555 KB, 4 THB hits, LD=True ND=True BLOCK=captcha
[ 5/7] Thailand       grabfood TH (TH)       food.grab.com/th/th/*
           24203 distinct URLs,  5037 ≥2-cap,  30000 snapshots, 20190716-20241214 (TRUNCATED)
          sampling 20210802025132 https://food.grab.com/th/th/restaurant/%E0%B8%81%E0%B8%B4%E0%B8%99%E0%
          sample: 253 KB, 4 THB hits, LD=True ND=True BLOCK=captcha
[ 6/7] Thailand       lineman TH             lineman.co.th/*
          0 rows
[ 7/7] Australia      menulog (revisit)      menulog.com.au/restaurants/*
           14796 distinct URLs,  6173 ≥2-cap,  30000 snapshots, 20180104-20251126 (TRUNCATED)
          sampling 20241214193433 https://www.menulog.com.au/restaurants-al-pacinos-pizza-and-italian-cu
          sample: 851 KB, 48 AUD hits, LD=True ND=True

CSV → /Users/erwenchen/Inflation-menu/coverage_report_track_b.csv
MD  → /Users/erwenchen/Inflation-menu/coverage_report_track_b.md

Done.
