/Users/erwenchen/Library/Python/3.9/lib/python/site-packages/urllib3/__init__.py:35: NotOpenSSLWarning: urllib3 v2 only supports OpenSSL 1.1.1+, currently the 'ssl' module is compiled with 'LibreSSL 2.8.3'. See: https://github.com/urllib3/urllib3/issues/3020
  warnings.warn(
[skip-known-good] skipped 15 previously-scraped targets
Verifying 107 targets with concurrency=3
Report → /Users/erwenchen/Inflation-menu/verify_targets_report.json
  [  1/107] DEAD        KFC Jakarta (GoFood)                                (Indonesia)  — ETA 20.5m
  [  2/107] DEAD        McDonald's Jakarta (GoFood)                         (Indonesia)  — ETA 10.2m
  [  3/107] DEAD        Solaria (GoFood)                                    (Indonesia)  — ETA 6.9m
  [  4/107] DEAD        Pizza Hut Jakarta (GoFood)                          (Indonesia)  — ETA 9.8m
  [  5/107] DEAD        Warung Nasi Padang Sederhana (GoFood)               (Indonesia)  — ETA 8.0m
  [  6/107] DEAD        J.CO Donuts (GoFood)                                (Indonesia)  — ETA 6.7m
  [  7/107] DEAD        Bakso Solo Samrat (GoFood)                          (Indonesia)  — ETA 7.6m
  [  8/107] DEAD        Mie Ayam Tumini (GoFood)                            (Indonesia)  — ETA 7.1m
  [  9/107] DEAD        Soto Betawi H. Mamat (GoFood)                       (Indonesia)  — ETA 6.5m
  [ 10/107] DEAD        McDonald's India (Swiggy)                           (India)  — ETA 6.4m
  [ 11/107] DEAD        KFC India (Swiggy)                                  (India)  — ETA 6.1m
  [ 12/107] DEAD        Domino's Pizza India (Swiggy)                       (India)  — ETA 5.7m
  [ 13/107] DEAD        Pizza Hut India (Swiggy)                            (India)  — ETA 5.6m
  [ 14/107] DEAD        Burger King India (Swiggy)                          (India)  — ETA 5.5m
  [ 15/107] DEAD        Subway India (Swiggy)                               (India)  — ETA 5.2m
  [ 16/107] DEAD        Wow! Momo (Swiggy)                                  (India)  — ETA 5.1m
  [ 17/107] DEAD        Barbeque Nation (Swiggy)                            (India)  — ETA 5.1m
  [ 18/107] DEAD        Fasoos (Swiggy)                                     (India)  — ETA 4.8m
  [ 19/107] DEAD        Saravana Bhavan Mumbai (Swiggy)                     (India)  — ETA 4.8m
  [ 20/107] DEAD        Haldiram's (Swiggy)                                 (India)  — ETA 4.7m
  [ 21/107] DEAD        Bikanervala (Swiggy)                                (India)  — ETA 4.6m
  [ 22/107] DEAD        Karim's Delhi (Swiggy)                              (India)  — ETA 4.6m
  [ 23/107] DEAD        Paradise Biryani (Swiggy)                           (India)  — ETA 4.5m
  [ 24/107] DEAD        Mainland China (Swiggy)                             (India)  — ETA 4.4m
  [ 25/107] DEAD        Cream Centre (Swiggy)                               (India)  — ETA 4.3m
  [ 26/107] DEAD        Rajdhani Thali (Swiggy)                             (India)  — ETA 4.2m
  [ 27/107] DEAD        Natural Ice Cream (Swiggy)                          (India)  — ETA 4.1m
  [ 28/107] DEAD        Subway Delhi (Swiggy)                               (India)  — ETA 4.2m
  [ 29/107] DEAD        Haldiram's Connaught Place (Swiggy)                 (India)  — ETA 4.1m
  [ 30/107] DEAD        Bikanervala Karol Bagh (Swiggy)                     (India)  — ETA 4.0m
  [ 31/107] DEAD        Domino's Andheri (Swiggy)                           (India)  — ETA 4.0m
  [ 32/107] DEAD        Thali House Mumbai (Swiggy)                         (India)  — ETA 3.9m
  [ 33/107] DEAD        Biryani by Kilo Delhi (Swiggy)                      (India)  — ETA 3.9m
  [ 34/107] DEAD        Dosa Plaza Mumbai (Swiggy)                          (India)  — ETA 3.8m
  [ 35/107] DEAD        Anand Stall Khar (Swiggy)                           (India)  — ETA 3.8m
  [ 36/107] DEAD        Sardar Pav Bhaji (Swiggy)                           (India)  — ETA 3.8m
  [ 37/107] DEAD        McDonald's USA                                      (United States)  — ETA 3.9m
  [ 38/107] OK          Taco Bell                                           (United States)  — ETA 4.0m
  [ 39/107] DEAD        Chipotle                                            (United States)  — ETA 4.0m
  [ 40/107] DEAD        Five Guys                                           (United States)  — ETA 4.2m
  [ 41/107] OK_TITLE_ONLY Subway USA                                          (United States)  — ETA 4.1m
  [ 42/107] DEAD        Panera Bread                                        (United States)  — ETA 4.1m
  [ 43/107] OK_TITLE_ONLY Chick-fil-A                                         (United States)  — ETA 4.0m
  [ 44/107] DEAD        Whataburger                                         (United States)  — ETA 4.1m
  [ 45/107] OK_TITLE_ONLY In-N-Out Burger                                     (United States)  — ETA 3.9m
  [ 46/107] OK_TITLE_ONLY Wingstop                                            (United States)  — ETA 3.9m
  [ 47/107] OK_TITLE_ONLY Raising Cane's                                      (United States)  — ETA 3.9m
  [ 48/107] DEAD        Del Taco                                            (United States)  — ETA 3.8m
  [ 49/107] OK_TITLE_ONLY Jack in the Box                                     (United States)  — ETA 3.8m
  [ 50/107] OK_TITLE_ONLY Fatburger                                           (United States)  — ETA 3.7m
  [ 51/107] BLOCKED     Denny's                                             (United States)  — ETA 3.6m
  [ 52/107] DEAD        Waffle House                                        (United States)  — ETA 3.6m
  [ 53/107] BLOCKED     McDonald's NYC (DoorDash)                           (United States)  — ETA 3.7m
  [ 54/107] BLOCKED     Chipotle NYC (DoorDash)                             (United States)  — ETA 3.7m
  [ 55/107] OK_TITLE_ONLY Steak 'n Shake                                      (United States)  — ETA 3.6m
  [ 56/107] BLOCKED     Shake Shack NYC (DoorDash)                          (United States)  — ETA 3.7m
  [ 57/107] BLOCKED     Sweetgreen NYC (DoorDash)                           (United States)  — ETA 3.6m
  [ 58/107] BLOCKED     Panera Bread NYC (DoorDash)                         (United States)  — ETA 3.6m
  [ 59/107] BLOCKED     Five Guys NYC (DoorDash)                            (United States)  — ETA 3.6m
  [ 60/107] BLOCKED     Joe's Pizza Greenwich Village (DoorDash)            (United States)  — ETA 3.5m
  [ 61/107] BLOCKED     Bleecker Street Pizza (DoorDash)                    (United States)  — ETA 3.5m
  [ 62/107] BLOCKED     Veselka Diner (DoorDash)                            (United States)  — ETA 3.5m
  [ 63/107] BLOCKED     Halal Guys 53rd & 6th (DoorDash)                    (United States)  — ETA 3.4m
  [ 64/107] BLOCKED     Katz's Delicatessen (DoorDash)                      (United States)  — ETA 3.4m
  [ 65/107] DEAD        Wagamama                                            (United Kingdom)  — ETA 3.3m
  [ 66/107] OK_TITLE_ONLY Nando's UK                                          (United Kingdom)  — ETA 3.2m
  [ 67/107] DEAD        McDonald's UK                                       (United Kingdom)  — ETA 3.1m
  [ 68/107] DEAD        Five Guys UK                                        (United Kingdom)  — ETA 3.1m
  [ 69/107] OK_TITLE_ONLY Itsu                                                (United Kingdom)  — ETA 3.0m
  [ 70/107] DEAD        Shake Shack UK                                      (United Kingdom)  — ETA 3.1m
  [ 71/107] DEAD        Pizza Express                                       (United Kingdom)  — ETA 3.0m
  [ 72/107] NAV_ERROR   Flat Iron                                           (United Kingdom)  — ETA 2.9m
  [ 73/107] DEAD        Dishoom                                             (United Kingdom)  — ETA 2.7m
  [ 74/107] OK_TITLE_ONLY Bao London                                          (United Kingdom)  — ETA 2.7m
  [ 75/107] DEAD        Patty & Bun                                         (United Kingdom)  — ETA 2.6m
  [ 76/107] DEAD        Busaba Eathai                                       (United Kingdom)  — ETA 2.5m
  [ 77/107] OK_TITLE_ONLY Honest Burgers                                      (United Kingdom)  — ETA 2.4m
  [ 78/107] DEAD        Shoryu Ramen                                        (United Kingdom)  — ETA 2.3m
  [ 79/107] OK_TITLE_ONLY Hoppers                                             (United Kingdom)  — ETA 2.4m
  [ 80/107] DEAD        McDonald's London (Deliveroo)                       (United Kingdom)  — ETA 2.3m
  [ 81/107] OK          Nando's London (Deliveroo)                          (United Kingdom)  — ETA 2.2m
  [ 82/107] OK          Wagamama London (Deliveroo)                         (United Kingdom)  — ETA 2.2m
  [ 83/107] DEAD        Pret A Manger London (Deliveroo)                    (United Kingdom)  — ETA 2.1m
  [ 84/107] OK          Pizza Express London (Deliveroo)                    (United Kingdom)  — ETA 2.0m
  [ 85/107] DEAD        Itsu London (Deliveroo)                             (United Kingdom)  — ETA 1.9m
  [ 86/107] DEAD        Poppies Fish & Chips (Deliveroo)                    (United Kingdom)  — ETA 1.9m
  [ 87/107] OK          Tayyabs Whitechapel (Deliveroo)                     (United Kingdom)  — ETA 1.8m
  [ 88/107] DEAD        Manze's Pie & Mash (Deliveroo)                      (United Kingdom)  — ETA 1.7m
  [ 89/107] DEAD        German Doner Kebab London (Deliveroo)               (United Kingdom)  — ETA 1.6m
  [ 90/107] DEAD        Dishoom Covent Garden (Deliveroo)                   (United Kingdom)  — ETA 1.5m
  [ 91/107] OK_TITLE_ONLY Grill'd                                             (Australia)  — ETA 1.4m
  [ 92/107] OK_TITLE_ONLY McDonald's Australia                                (Australia)  — ETA 1.4m
  [ 93/107] DEAD        Guzman y Gomez                                      (Australia)  — ETA 1.3m
  [ 94/107] WRONG_PAGE  Zambrero                                            (Australia)  — ETA 1.2m
  [ 95/107] OK          Nando's Australia                                   (Australia)  — ETA 1.1m
  [ 96/107] DEAD        Mad Mex                                             (Australia)  — ETA 1.0m
  [ 97/107] WRONG_PAGE  Lune Croissanterie                                  (Australia)  — ETA 0.9m
  [ 98/107] OK_TITLE_ONLY Roll'd                                              (Australia)  — ETA 0.8m
  [ 99/107] DEAD        Chin Chin Melbourne                                 (Australia)  — ETA 0.7m
  [100/107] NAV_ERROR   Boost Juice                                         (Australia)  — ETA 0.6m
  [101/107] NAV_ERROR   Mary's Burgers                                      (Australia)  — ETA 0.5m
  [102/107] DEAD        Huxtaburger                                         (Australia)  — ETA 0.5m
  [103/107] NAV_ERROR   Butter Restaurant                                   (Australia)  — ETA 0.4m
  [104/107] DEAD        Lankan Filling Station                              (Australia)  — ETA 0.3m
  [105/107] DEAD        Fonda Mexican                                       (Australia)  — ETA 0.2m
  [106/107] DEAD        The Grounds of Alexandria                           (Australia)  — ETA 0.1m
  [107/107] OK_TITLE_ONLY Harry's Café de Wheels                              (Australia)  — ETA 0.0m

── Summary ──────────────────────────────────────────
  BLOCKED      12
  DEAD         66
  NAV_ERROR    4
  OK           6
  OK_TITLE_ONLY  17
  WRONG_PAGE   2

── Per country ──────────────────────────────────────
  Australia           DEAD=7 NAV_ERROR=3 OK=1 OK_TITLE_ONLY=4 WRONG_PAGE=2
  India               DEAD=27
  Indonesia           DEAD=9
  United Kingdom      DEAD=16 NAV_ERROR=1 OK=4 OK_TITLE_ONLY=5
  United States       BLOCKED=12 DEAD=7 OK=1 OK_TITLE_ONLY=8
