/Users/erwenchen/Library/Python/3.9/lib/python/site-packages/urllib3/__init__.py:35: NotOpenSSLWarning: urllib3 v2 only supports OpenSSL 1.1.1+, currently the 'ssl' module is compiled with 'LibreSSL 2.8.3'. See: https://github.com/urllib3/urllib3/issues/3020
  warnings.warn(
Historical HTML scraper — 1 target(s)
per_period=20, max_per_target=500


======================================================================
  Vietnam:grabfood-vn  (food.grab.com/vn/en/restaurant/*)
======================================================================
  Querying CDX (distributed, per_period=20, max=500) …
  Found 345 candidate snapshots
  [1/345] 20190822 https://food.grab.com/vn/en/restaurant/%C3%B4-mai-chip-delivery/5-CYMC … 0 items
  [2/345] 20190819 https://food.grab.com/vn/en/restaurant/%C3%B4ng-ho%C3%A0ng-b%C3%BAn-%C … 0 items
  [3/345] 20190820 https://food.grab.com/vn/en/restaurant/%C3%B4ng-n%E1%BB%99i-qu%C3%A1n- … 0 items
  [4/345] 20190820 https://food.grab.com/vn/en/restaurant/%C3%BAt-t%E1%BB%8Bch-coffee-del … 0 items
  [5/345] 20190822 https://food.grab.com/vn/en/restaurant/%C4%83n-bo-l%E1%BA%A9u-%E1%BB%9 … 0 items
  [6/345] 20190918 https://food.grab.com/vn/en/restaurant/%C4%83n-l%C3%A0-like-nem-l%E1%B … 0 items
  [7/345] 20190921 https://food.grab.com/vn/en/restaurant/%C4%83n-l%C3%A0-like-nem-l%E1%B … 0 items
  [8/345] 20190823 https://food.grab.com/vn/en/restaurant/%C4%83n-v%E1%BA%B7t-169-deliver … 0 items
  [9/345] 20190825 https://food.grab.com/vn/en/restaurant/%C4%83n-v%E1%BA%B7t-a--delivery … 0 items
  [10/345] 20190824 https://food.grab.com/vn/en/restaurant/%C4%83n-v%E1%BA%B7t-c%C3%B4-li% … 0 items
  [11/345] 20190826 https://food.grab.com/vn/en/restaurant/%C4%83n-v%E1%BA%B7t-c%C3%B4-th% … 0 items
  [12/345] 20190821 https://food.grab.com/vn/en/restaurant/%C4%83n-v%E1%BA%B7t-c%E1%BB%8F- … 0 items
  [13/345] 20190916 https://food.grab.com/vn/en/restaurant/%C4%83n-v%E1%BA%B7t-ch%C3%A8-t% … 0 items
  [14/345] 20190916 https://food.grab.com/vn/en/restaurant/%C4%83n-v%E1%BA%B7t-h%E1%BA%BBm … 0 items
  [15/345] 20190820 https://food.grab.com/vn/en/restaurant/%C4%83n-v%E1%BA%B7t-ha-ha-hah-d … 0 items
  [16/345] 20190823 https://food.grab.com/vn/en/restaurant/%C4%83n-v%E1%BA%B7t-kha-louis-s … 0 items
  [17/345] 20190822 https://food.grab.com/vn/en/restaurant/%C4%83n-v%E1%BA%B7t-lanie-deliv … 0 items
  [18/345] 20190916 https://food.grab.com/vn/en/restaurant/%C4%83n-v%E1%BA%B7t-min-min-del … 0 items
  [19/345] 20190819 https://food.grab.com/vn/en/restaurant/%C4%83n-v%E1%BA%B7t-say-n%C3%BA … 0 items
  [20/345] 20190919 https://food.grab.com/vn/en/restaurant/%C4%83n-v%E1%BA%B7t-th%C3%A1i-h … 0 items
  [21/345] 20191014 https://food.grab.com/vn/en/restaurant/%C3%A1nh-nguy%C3%AAn-qu%C3%A1n- … /Users/erwenchen/Library/Python/3.9/lib/python/site-packages/urllib3/__init__.py:35: NotOpenSSLWarning: urllib3 v2 only supports OpenSSL 1.1.1+, currently the 'ssl' module is compiled with 'LibreSSL 2.8.3'. See: https://github.com/urllib3/urllib3/issues/3020
  warnings.warn(
Historical HTML scraper — 1 target(s)
per_period=5, max_per_target=500


======================================================================
  Vietnam:grabfood-vn  (food.grab.com/vn/en/restaurant/*)
======================================================================
  [21/345] 20191014 https://food.grab.com/vn/en/restaurant/%C3%A1nh-nguy%C3%AAn-qu%C3%A1n- … 0 items
  [22/345] 20191022 https://food.grab.com/vn/en/restaurant/%C3%A2m-18-v%C3%B5-v%C4%83n-t%E … 0 items
  [23/345] 20191020 https://food.grab.com/vn/en/restaurant/%C3%A9p-b%C6%B0%E1%BB%9Fi-179-n … 0 items
  [24/345] 20191212 https://food.grab.com/vn/en/restaurant/%C3%B4-mai-chip-ch%C3%A8-%C4%83 … 31 items
  [25/345] 20191114 https://food.grab.com/vn/en/restaurant/%C3%B4ng-ho%C3%A0ng-b%C3%BAn-%C … 0 items
  [26/345] 20191022 https://food.grab.com/vn/en/restaurant/%C3%BAt-di%E1%BB%87u-c%C6%A1m-h … 0 items
  [27/345] 20191017 https://food.grab.com/vn/en/restaurant/%C4%83n-%C4%91%C3%AAm-s%C3%A0i- … 0 items
  [28/345] 20191216 https://food.grab.com/vn/en/restaurant/%C4%83n-v%C4%83%CC%A3t-lanie-de … 91 items
  [29/345] 20191216 https://food.grab.com/vn/en/restaurant/%C4%83n-v%E1%BA%B7t-169-inactiv … 115 items
  [30/345] 20191214 https://food.grab.com/vn/en/restaurant/%C4%83n-v%E1%BA%B7t-a-delivery/ … 38 items
  [31/345] 20191016 https://food.grab.com/vn/en/restaurant/%C4%83n-v%E1%BA%B7t-a-kh%C3%B4i … 0 items
  [32/345] 20191016 https://food.grab.com/vn/en/restaurant/%C4%83n-v%E1%BA%B7t-b%C3%B4ng-b … 0 items
  [33/345] 20191017 https://food.grab.com/vn/en/restaurant/%C4%83n-v%E1%BA%B7t-bu-bu-deliv … 0 items
  [34/345] 20191021 https://food.grab.com/vn/en/restaurant/%C4%83n-v%E1%BA%B7t-c%C3%A1-vi% … 0 items
  [35/345] 20191022 https://food.grab.com/vn/en/restaurant/%C4%83n-v%E1%BA%B7t-c%C3%B4-ng% … 0 items
  [36/345] 20191211 https://food.grab.com/vn/en/restaurant/%C4%83n-v%E1%BA%B7t-c%C3%B4-th% … 54 items
  [37/345] 20191015 https://food.grab.com/vn/en/restaurant/%C4%83n-v%E1%BA%B7t-ch%E1%BB%8B … 0 items
  [38/345] 20191016 https://food.grab.com/vn/en/restaurant/%C4%83n-v%E1%BA%B7t-ch%E1%BB%8B … 0 items
  [39/345] 20191023 https://food.grab.com/vn/en/restaurant/%C4%83n-v%E1%BA%B7t-me-s%E1%BB% … 0 items
  [40/345] 20191018 https://food.grab.com/vn/en/restaurant/%C4%83n-v%E1%BA%B7t-nh%C6%B0-qu … 0 items
  [41/345] 20200214 https://food.grab.com/vn/en/restaurants … 0 items
  [42/345] 20200105 https://food.grab.com/vn/en/restaurants/?category=bubble-tea-29 … 0 items
  [43/345] 20200227 https://food.grab.com/vn/en/restaurants/?category=burger-33 … 0 items
  [44/345] 20200215 https://food.grab.com/vn/en/restaurants/?category=chinese-45 … 0 items
  [45/345] 20200208 https://food.grab.com/vn/en/restaurants/?category=dessert-55 … 0 items
  [46/345] 20200128 https://food.grab.com/vn/en/restaurants/?category=fast-food-62 … 0 items
  [47/345] 20200215 https://food.grab.com/vn/en/restaurants/?category=indian-86 … 0 items
  [48/345] 20200216 https://food.grab.com/vn/en/restaurants/?category=indonesian-87 … 0 items
  [49/345] 20200228 https://food.grab.com/vn/en/restaurants?category=italian-88 … 0 items
  [50/345] 20200228 https://food.grab.com/vn/en/restaurants?category=japanese-89 … 0 items
  [51/345] 20200205 https://food.grab.com/vn/en/restaurants/?category=korean-96 … 0 items
  [52/345] 20200216 https://food.grab.com/vn/en/restaurants/?category=pizza-135 … 0 items
  [53/345] 20200131 https://food.grab.com/vn/en/restaurants/?category=promotions-251 … 0 items
  [54/345] 20200206 https://food.grab.com/vn/en/restaurants/?category=seafood-151 … 0 items
  [55/345] 20200228 https://food.grab.com/vn/en/restaurants?category=sushi-174 … 0 items
  [56/345] 20200214 https://food.grab.com/vn/en/restaurants/?category=thai-178 … 0 items
  [57/345] 20200118 https://food.grab.com/vn/en/restaurants/?category=vietnamese-188 … 0 items
  [58/345] 20200228 https://food.grab.com/vn/en/restaurants?search=Ayam%20Bakar … 0 items
  [59/345] 20200228 https://food.grab.com/vn/en/restaurants?search=Ayam%20Penyet … 0 items
  [60/345] 20200518 https://food.grab.com/vn/en/restaurant/qu%C3%A1n-%C4%83n-nh%E1%BA%ADt- … 0 items
  [61/345] 20200422 https://food.grab.com/vn/en/restaurants?category=bubble-tea-29 … 0 items
  [62/345] 20200501 https://food.grab.com/vn/en/restaurants?category=burger-33 … 0 items
  [63/345] 20200501 https://food.grab.com/vn/en/restaurants?category=chinese-45 … 0 items
  [64/345] 20200422 https://food.grab.com/vn/en/restaurants?category=coffee-47 … 0 items
  [65/345] 20200501 https://food.grab.com/vn/en/restaurants?category=dessert-55 … 0 items
  [66/345] 20200501 https://food.grab.com/vn/en/restaurants?category=fast-food-62 … 0 items
  [67/345] 20200523 https://food.grab.com/vn/en/restaurants?category=filipino-63 … 0 items
  [68/345] 20200422 https://food.grab.com/vn/en/restaurants?category=hainanese-chicken-ric … 0 items
  [69/345] 20200506 https://food.grab.com/vn/en/restaurants?category=hot-deals-237 … 0 items
  [70/345] 20200501 https://food.grab.com/vn/en/restaurants?category=indian-86 … 0 items
  [71/345] 20200501 https://food.grab.com/vn/en/restaurants?category=indonesian-87 … 0 items
  [72/345] 20200502 https://food.grab.com/vn/en/restaurants?category=korean-96 … 0 items
  [73/345] 20200519 https://food.grab.com/vn/en/restaurants?category=mexican-110 … 0 items
  [74/345] 20200422 https://food.grab.com/vn/en/restaurants?category=noodles-126 … 0 items
  [75/345] 20200422 https://food.grab.com/vn/en/restaurants?category=pad-thai-128 … 0 items
  [76/345] 20200422 https://food.grab.com/vn/en/restaurants?category=pizza-135 … 0 items
  [77/345] 20200422 https://food.grab.com/vn/en/restaurants?category=promotions-251 … 0 items
  [78/345] 20200501 https://food.grab.com/vn/en/restaurants?category=seafood-151 … 0 items
  [79/345] 20200423 https://food.grab.com/vn/en/restaurants?category=snacks-580 … 0 items
  [80/345] 20200805 https://food.grab.com/vn/en/restaurant/%C4%91%E1%BA%B7c-s%E1%BA%A3n-tr … 0 items
  [81/345] 20200805 https://food.grab.com/vn/en/restaurant/%C4%91%E1%BB%A9c-ph%C3%A1t-bake … 0 items
  [82/345] 20200918 https://food.grab.com/vn/en/restaurant/%E1%BB%91c-lu%E1%BB%99c-th%E1%B … 0 items
  [83/345] 20200814 https://food.grab.com/vn/en/restaurant/b%C3%A1nh-b%C3%B2-%C4%91%C6%B0% … 0 items
  [84/345] 20200919 https://food.grab.com/vn/en/restaurant/b%C3%A1nh-cu%E1%BB%91n-164-tr%E … 0 items
  [85/345] 20200813 https://food.grab.com/vn/en/restaurant/b%C3%A1nh-cu%E1%BB%91n-b%C3%A1n … 0 items
  [86/345] 20200814 https://food.grab.com/vn/en/restaurant/b%C3%A1nh-m%C3%AC-362-%C4%91%E1 … 0 items
  [87/345] 20200814 https://food.grab.com/vn/en/restaurant/b%C3%A1nh-m%C3%AC-thu-h%C3%A0-p … 0 items
  [88/345] 20200918 https://food.grab.com/vn/en/restaurant/b%C3%A1nh-su-kem-beard-papa-s-l … 0 items
  [89/345] 20200813 https://food.grab.com/vn/en/restaurant/b%C3%A1nh-tr%E1%BB%A9ng-g%C3%A0 … 0 items
  [90/345] 20200918 https://food.grab.com/vn/en/restaurant/b%C3%A1nh-x%C3%A8o-c%C3%A2y-%C4 … 0 items
  [91/345] 20200805 https://food.grab.com/vn/en/restaurant/b%C3%A1nh-x%C3%A8o-rau-r%E1%BB% … 0 items
  [92/345] 20200805 https://food.grab.com/vn/en/restaurant/b%C3%A1nh-x%C3%A8o-thu%E1%BB%B7 … 0 items
  [93/345] 20200814 https://food.grab.com/vn/en/restaurant/b%C3%B2-kho-hai-c%E1%BA%A9m-del … 0 items
  [94/345] 20200814 https://food.grab.com/vn/en/restaurant/b%C3%B2-l%C3%A1-l%E1%BB%91t-mai … 0 items
  [95/345] 20200814 https://food.grab.com/vn/en/restaurant/b%C3%B2-t%C6%A1-t%C3%A2y-ninh-n … 0 items
  [96/345] 20200812 https://food.grab.com/vn/en/restaurant/b%C3%BAn-%C4%91%E1%BA%ADu-gia-d … 0 items
  [97/345] 20200814 https://food.grab.com/vn/en/restaurant/b%C3%BAn-b%C3%B2-hu%E1%BA%BF-b% … 0 items
  [98/345] 20200814 https://food.grab.com/vn/en/restaurant/b%C3%BAn-b%C3%B2-hu%E1%BA%BF-b% … 0 items
  [99/345] 20200812 https://food.grab.com/vn/en/restaurant/b%C3%BAn-b%C3%B2-hu%E1%BA%BF-h% … 0 items
  [100/345] 20201025 https://food.grab.com/vn/en/restaurant/%C3%B4-coffee-tea-online-delive … 0 items
  [101/345] 20201029 https://food.grab.com/vn/en/restaurant/%C3%B4k%C3%AA-g%C3%A0-%C4%91en- … 0 items
  [102/345] 20201023 https://food.grab.com/vn/en/restaurant/%C3%BA-nu-%C4%83n-v%E1%BA%B7t-t … 0 items
  [103/345] 20201026 https://food.grab.com/vn/en/restaurant/%C4%83n-v%E1%BA%B7t-33-online-d … 0 items
  [104/345] 20201127 https://food.grab.com/vn/en/restaurant/%C4%83n-v%E1%BA%B7t-king-delive … 0 items
  [105/345] 20201030 https://food.grab.com/vn/en/restaurant/%C4%83n-v%E1%BA%B7t-tr%C3%A0-s% … 0 items
  [106/345] 20201023 https://food.grab.com/vn/en/restaurant/%C4%91%E1%BA%B7c-s%E1%BA%A3n-x% … 0 items
  [107/345] 20201020 https://food.grab.com/vn/en/restaurant/%C4%91%E1%BB%93-%C4%83n-s%C3%A1 … 0 items
  [108/345] 20201202 https://food.grab.com/vn/en/restaurant/%C4%91%E1%BB%93ng-qu%C3%AA-b%C3 … 0 items
  [109/345] 20201022 https://food.grab.com/vn/en/restaurant/%E1%BA%A9m-th%E1%BB%B1c-%C3%B4n … 0 items
  [110/345] 20201022 https://food.grab.com/vn/en/restaurant/%E1%BA%A9m-th%E1%BB%B1c-%C4%91% … 0 items
  [111/345] 20201019 https://food.grab.com/vn/en/restaurant/2k-tea-coffee-delivery/5-CZBWC7 … 0 items
  [112/345] 20201028 https://food.grab.com/vn/en/restaurant/4221-memories-cafe-delivery/5-C … 0 items
  [113/345] 20201021 https://food.grab.com/vn/en/restaurant/amavo-caff%C3%A8-delivery/5-CYV … 0 items
  [114/345] 20201031 https://food.grab.com/vn/en/restaurant/an%C3%AD-coffee-delivery/5-CZKZ … 0 items
  [115/345] 20201031 https://food.grab.com/vn/en/restaurant/an-bi%C3%AAn-tri%E1%BB%87u-vi%E … 0 items
  [116/345] 20201001 https://food.grab.com/vn/en/restaurant/b%C3%A1nh-%C4%91a-v%C3%A1ch-l%E … 0 items
  [117/345] 20201024 https://food.grab.com/vn/en/restaurant/b%C3%A1nh-%C6%B0%E1%BB%9Bt-l%C3 … 0 items
  [118/345] 20201027 https://food.grab.com/vn/en/restaurant/b%C3%A1nh-%C6%B0%E1%BB%9Bt-l%C3 … 0 items
  [119/345] 20201029 https://food.grab.com/vn/en/restaurant/b%C3%A1nh-%C6%B0%E1%BB%9Bt-l%C3 … 0 items
  [120/345] 20210306 https://food.grab.com/vn/en/restaurant/%C3%B3timo-b%C3%A1nh-flan-n%C6% … 0 items
  [121/345] 20210301 https://food.grab.com/vn/en/restaurant/%C3%B4-s-milktea-coffee-deliver … 0 items
  [122/345] 20210307 https://food.grab.com/vn/en/restaurant/%C3%B4-tea-delivery/5-CZJTCUJJA … 0 items
  [123/345] 20210227 https://food.grab.com/vn/en/restaurant/%C3%B4c-c%C3%B4-h%C3%A0-b%E1%BA … 0 items
  [124/345] 20210121 https://food.grab.com/vn/en/restaurant/%C3%B4ng-to%C3%A0n-food-coffee- … 0 items
  [125/345] 20210225 https://food.grab.com/vn/en/restaurant/%C3%BAt-linh-b%C3%A1nh-tr%C3%A1 … 0 items
  [126/345] 20210304 https://food.grab.com/vn/en/restaurant/%C3%BD-na-%C4%83n-v%E1%BA%B7t-c … 0 items
  [127/345] 20210118 https://food.grab.com/vn/en/restaurant/%C4%83n-v%E1%BA%B7t-%C4%91%E1%B … 0 items
  [128/345] 20210303 https://food.grab.com/vn/en/restaurant/%C4%83n-v%E1%BA%B7t-%C4%91a-%C4 … 0 items
  [129/345] 20210120 https://food.grab.com/vn/en/restaurant/%C4%83n-v%E1%BA%B7t-21-nam-cao- … 0 items
  [130/345] 20210227 https://food.grab.com/vn/en/restaurant/%C4%83n-v%E1%BA%B7t-b%C3%A0-ba- … 0 items
  [131/345] 20210304 https://food.grab.com/vn/en/restaurant/%C4%83n-v%E1%BA%B7t-b%C3%A0-ty- … 0 items
  [132/345] 20210126 https://food.grab.com/vn/en/restaurant/%C4%83n-v%E1%BA%B7t-b%C3%A1nh-t … 0 items
  [133/345] 20210225 https://food.grab.com/vn/en/restaurant/%C4%83n-v%E1%BA%B7t-b%C3%B4ng-b … 0 items
  [134/345] 20210226 https://food.grab.com/vn/en/restaurant/%C4%83n-v%E1%BA%B7t-b%E1%BA%BFp … 0 items
  [135/345] 20210120 https://food.grab.com/vn/en/restaurant/%C4%83n-v%E1%BA%B7t-ba-c%C3%B4- … 0 items
  [136/345] 20210307 https://food.grab.com/vn/en/restaurant/%C4%83n-v%E1%BA%B7t-binbin-onli … 0 items
  [137/345] 20210308 https://food.grab.com/vn/en/restaurant/%C4%83n-v%E1%BA%B7t-bisu-take-a … 0 items
  [138/345] 20210306 https://food.grab.com/vn/en/restaurant/%C4%83n-v%E1%BA%B7t-c%C3%B4-b%C … 0 items
  [139/345] 20210301 https://food.grab.com/vn/en/restaurant/%C4%83n-v%E1%BA%B7t-c%C3%B4-ba- … 0 items
  [140/345] 20210509 https://food.grab.com/vn/en/restaurant/%C3%B4-mai-chanhh-delivery/5-CZ … 0 items
  [141/345] 20210511 https://food.grab.com/vn/en/restaurant/%C3%B4-mai-lo%E1%BA%AFng-%C3%B4 … 15 items
  [142/345] 20210515 https://food.grab.com/vn/en/restaurant/%C3%B4-ngon-b%C3%A1nh-r%C3%A1n- … 15 items
  [143/345] 20210514 https://food.grab.com/vn/en/restaurant/%C3%B4-ngon-m%C3%B3n-%C4%83n-nh … 15 items
  [144/345] 20210419 https://food.grab.com/vn/en/restaurant/%C3%B4ng-m%E1%BA%ABn-b%C3%A1nh- … 0 items
  [145/345] 20210513 https://food.grab.com/vn/en/restaurant/%C3%BAt-teen-tr%C3%A0-s%E1%BB%A … 15 items
  [146/345] 20210506 https://food.grab.com/vn/en/restaurant/%C3%BAt-thanh-qu%C3%A1n-deliver … 0 items
  [147/345] 20210514 https://food.grab.com/vn/en/restaurant/%C3%BD-nh%C6%B0-d%C6%B0%C6%A1ng … 15 items
  [148/345] 20210508 https://food.grab.com/vn/en/restaurant/%C4%83n-%C4%91%C3%AAm-online-de … 0 items
  [149/345] 20210516 https://food.grab.com/vn/en/restaurant/%C4%83n-%C4%91%C3%AAm-ph%E1%BB% … 15 items
  [150/345] 20210514 https://food.grab.com/vn/en/restaurant/%C4%83n-c%C6%A1m-u%E1%BB%91ng-n … 15 items
  [151/345] 20210518 https://food.grab.com/vn/en/restaurant/%C4%83n-c%E1%BA%A3-ng%C3%A0y-%C … 15 items
  [152/345] 20210514 https://food.grab.com/vn/en/restaurant/%C4%83n-chu%E1%BA%A9n-healthy-f … 15 items
  [153/345] 20210515 https://food.grab.com/vn/en/restaurant/%C4%83n-ngon-b%C3%A0-b%C3%A9o-d … 15 items
  [154/345] 20210517 https://food.grab.com/vn/en/restaurant/%C4%83n-th%C3%AC-g%E1%BB%8Di-y% … 15 items
  [155/345] 20210512 https://food.grab.com/vn/en/restaurant/%C4%83n-v%E1%BA%B7t-24h-ch%C3%A … 15 items
  [156/345] 20210510 https://food.grab.com/vn/en/restaurant/%C4%83n-v%E1%BA%B7t-5k-delivery … 0 items
  [157/345] 20210509 https://food.grab.com/vn/en/restaurant/%C4%83n-v%E1%BA%B7t-69-nguy%E1% … 0 items
  [158/345] 20210510 https://food.grab.com/vn/en/restaurant/%C4%83n-v%E1%BA%B7t-82-m%E1%BB% … 0 items
  [159/345] 20210510 https://food.grab.com/vn/en/restaurant/%C4%83n-v%E1%BA%B7t-b%E1%BA%BFp … 15 items
  [160/345] 20210725 https://food.grab.com/vn/en/restaurant/%C3%AA-m%E1%BA%ADp-b%C3%A1nh-ch … 0 items
  [161/345] 20210725 https://food.grab.com/vn/en/restaurant/%C3%B4%CC%81c-ga-delivery/AWkuD … 0 items
  [162/345] 20210731 https://food.grab.com/vn/en/restaurant/%C3%B4ng-b%E1%BA%A7u-delivery/5 … 0 items
  [163/345] 20210926 https://food.grab.com/vn/en/restaurant/%C4%83n-v%E1%BA%B7t-b%E1%BB%91n … 0 items
  [164/345] 20210731 https://food.grab.com/vn/en/restaurant/%C4%83n-v%E1%BA%B7t-h%C3%A0n-qu … 0 items
  [165/345] 20210728 https://food.grab.com/vn/en/restaurant/%C4%83n-v%E1%BA%B7t-h%E1%BB%93n … 0 items
  [166/345] 20210731 https://food.grab.com/vn/en/restaurant/%C4%83n-v%E1%BA%B7t-m%C3%A2y-tr … 0 items
  [167/345] 20210730 https://food.grab.com/vn/en/restaurant/%C4%83n-v%E1%BA%B7t-m%C3%A2y-tr … 0 items
  [168/345] 20210727 https://food.grab.com/vn/en/restaurant/%C4%83n-v%E1%BA%B7t-oppa-shop-o … 0 items
  [169/345] 20210731 https://food.grab.com/vn/en/restaurant/%C4%91%C3%A0-l%E1%BA%A1t-m%C3%B … 0 items
  [170/345] 20210918 https://food.grab.com/vn/en/restaurant/%C4%91%C3%B4ng-d%C6%B0%C6%A1ng- … 0 items
  [171/345] 20210731 https://food.grab.com/vn/en/restaurant/%C4%91%C3%B4ng-s%C6%B0%C6%A1ng- … 0 items
  [172/345] 20210803 https://food.grab.com/vn/en/restaurant/%C4%91%E1%BA%B7c-s%E1%BA%A3n-t% … 0 items
  [173/345] 20210802 https://food.grab.com/vn/en/restaurant/%E1%BB%91m-s%E1%BB%AFa-delivery … 0 items
  [174/345] 20210725 https://food.grab.com/vn/en/restaurant/adat-kafe-delivery/5-CZEAJ2WVTU … 0 items
  [175/345] 20210723 https://food.grab.com/vn/en/restaurant/alo-d%C3%A2u-t%C6%B0%C6%A1i-ngu … 0 items
  [176/345] 20210803 https://food.grab.com/vn/en/restaurant/arin-combini-burgers-pastas-gri … 0 items
  [177/345] 20210804 https://food.grab.com/vn/en/restaurant/at-f-v%E1%BB%8Bt-l%E1%BB%99n-c% … 0 items
  [178/345] 20210731 https://food.grab.com/vn/en/restaurant/b%C3%A1nh-%C6%B0%E1%BB%9Bt-l%C3 … 0 items
  [179/345] 20210927 https://food.grab.com/vn/en/restaurant/b%C3%A1nh-b%C3%B4ng-lan-tr%E1%B … 0 items
  [180/345] 20211105 https://food.grab.com/vn/en/restaurant/the-munchbox-delivery/5-CZEANTB … 0 items
  [181/345] 20221017 https://food.grab.com/vn/en/restaurant/c%C6%A1m-chi%C3%AAn-18-m%C3%B3n … 53 items
  [182/345] 20221017 https://food.grab.com/vn/en/restaurant/c%C6%A1m-t%E1%BA%A5m-t%C3%A0i-d … 42 items
  [183/345] 20230318 https://food.grab.com/vn/en/restaurant/bluecup-coffee-b%C3%A1nh-m%C3%A … 26 items
  [184/345] 20230208 https://food.grab.com/vn/en/restaurant/g%E1%BA%A5u-kafe-delivery/5-C2B … 127 items
  [185/345] 20230209 https://food.grab.com/vn/en/restaurant/gagu-deli-n%C6%B0%E1%BB%9Bc-%C3 … 36 items
  [186/345] 20230330 https://food.grab.com/vn/en/restaurant/l%E1%BA%A9u-b%C3%B2-t%C3%A8o-g% … 40 items
  [187/345] 20230329 https://food.grab.com/vn/en/restaurant/sushila-kim-m%C3%A3-th%C6%B0%E1 … 55 items
  [188/345] 20230310 https://food.grab.com/vn/en/restaurant/taco-n%C3%B3n-l%C3%A1-t%C3%A2y- … 56 items
  [189/345] 20230209 https://food.grab.com/vn/en/restaurant/tr%C3%A0-s%E1%BB%AFa-c%C3%B4-ba … 44 items
  [190/345] 20230208 https://food.grab.com/vn/en/restaurant/tr%C3%A0-s%E1%BB%AFa_%C4%83n-v% … 35 items
  [191/345] 20230614 https://food.grab.com/vn/en/restaurant/coffee-home-4-0-delivery/5-C2M1 … 0 items
  [192/345] 20230416 https://food.grab.com/vn/en/restaurant/mumy-chicken-wraps-delivery/5-C … 22 items
  [193/345] 20230614 https://food.grab.com/vn/en/restaurant/pi%E2%80%99s-coffee-h%C3%A0ng-t … 20 items
  [194/345] 20240628 https://food.grab.com/vn/en/restaurant/error-delivery/5-C6KALJ3TG8CYDE … 0 items
  [195/345] 20240426 https://food.grab.com/vn/en/restaurant/sarada-salad-healthy-food-deliv … 77 items
  [196/345] 20240426 https://food.grab.com/vn/en/restaurant/sarada-salad-healthy-food-deliv … 77 items
  [197/345] 20240909 https://food.grab.com/vn/en/restaurant/b%E1%BA%BFp-%C4%83n-nh%C3%A0-su … 37 items
  [198/345] 20240909 https://food.grab.com/vn/en/restaurant/b%E1%BA%BFp-%C4%83n-nh%C3%A0-su … 37 items
  [199/345] 20240914 https://food.grab.com/vn/en/restaurant/bi-b%E1%BB%95-healthy-food-deli … 36 items
  [200/345] 20240717 https://food.grab.com/vn/en/restaurant/cafe-phin-phan-rang-nguy%C3%AAn … 45 items
  [201/345] 20240716 https://food.grab.com/vn/en/restaurant/cafe-phin-phan-rang-nguy%C3%AAn … 45 items
  [202/345] 20240709 https://food.grab.com/vn/en/restaurant/highlands-coffee-36-duy-t%C3%A2 … 66 items
  [203/345] 20240709 https://food.grab.com/vn/en/restaurant/highlands-coffee-36-duy-t%C3%A2 … 0 items
  [204/345] 20240709 https://food.grab.com/vn/en/restaurant/online-delivery/5-C6CEE3ABJE6UT … 0 items
  [205/345] 20240716 https://food.grab.com/vn/en/restaurant/reply-1988-cafe-delivery/5-C3AY … 70 items
  [206/345] 20240712 https://food.grab.com/vn/en/restaurant/tr%C3%A0-s%E1%BB%AFa-chapong-de … 81 items
  [207/345] 20241214 https://food.grab.com/vn/en/restaurant/b%C3%A1nh-cu%E1%BB%91n-n%C3%B3n … 21 items
  [208/345] 20241104 https://food.grab.com/vn/en/restaurant/b%C3%A1nh-cu%E1%BB%91n-n%C3%B3n … 15 items
  [209/345] 20241212 https://food.grab.com/vn/en/restaurant/b%C3%A1nh-m%C3%AC-c%C3%B4-chun- … 107 items
  [210/345] 20241104 https://food.grab.com/vn/en/restaurant/b%C3%A1nh-m%C3%AC-d%C3%A2n-t%E1 … 73 items
  [211/345] 20241104 https://food.grab.com/vn/en/restaurant/b%C3%A1nh-m%C3%AC-s%C3%A0i-g%C3 … 0 items
  [212/345] 20241227 https://food.grab.com/vn/en/restaurant/b%C3%BAn-ri%C3%AAu-b%C3%BAn-th% … 24 items
  [213/345] 20241227 https://food.grab.com/vn/en/restaurant/b%C3%BAn-ri%C3%AAu-b%C3%BAn-th% … 24 items
  [214/345] 20241214 https://food.grab.com/vn/en/restaurant/bami-king-b%C3%A1nh-m%C3%AC-b%C … 30 items
  [215/345] 20241214 https://food.grab.com/vn/en/restaurant/bumtro-b%C3%BAn-tr%E1%BB%99n-na … 37 items
  [216/345] 20241214 https://food.grab.com/vn/en/restaurant/c%C3%A0-ph%C3%AA-mu%E1%BB%91i-c … 18 items
  [217/345] 20241214 https://food.grab.com/vn/en/restaurant/c%C6%A1m-g%C3%A0-q35-ng%C3%B5-q … 29 items
  [218/345] 20241214 https://food.grab.com/vn/en/restaurant/c%C6%A1m-ni%C3%AAu-h%E1%BB%A3p- … 30 items
  [219/345] 20241214 https://food.grab.com/vn/en/restaurant/c%C6%A1m-s%C6%B0%E1%BB%9Dn-cay- … 31 items
  [220/345] 20241214 https://food.grab.com/vn/en/restaurant/c%C6%A1m-t%E1%BA%A5m-delichi-c% … 26 items
  [221/345] 20241212 https://food.grab.com/vn/en/restaurant/c%C6%A1m-t%E1%BA%A5m-s%C6%B0%E1 … 29 items
  [222/345] 20241214 https://food.grab.com/vn/en/restaurant/c%C6%A1m-th%E1%BB%91-anh-nguy%E … 41 items
  [223/345] 20241214 https://food.grab.com/vn/en/restaurant/c%C6%A1m-th%E1%BB%91-delichi-ng … 26 items
  [224/345] 20241214 https://food.grab.com/vn/en/restaurant/c%C6%A1m-v%C4%83n-%C4%91%C3%B4- … 0 items
  [225/345] 20241214 https://food.grab.com/vn/en/restaurant/kfc-vmq-delivery/5-CYMADBU1JVLG … 59 items
  [226/345] 20241214 https://food.grab.com/vn/en/restaurant/mcdonald-s-h%E1%BB%93-g%C6%B0%C … 109 items
  [227/345] 20250218 https://food.grab.com/vn/en/restaurant/%C3%B4-m%C3%AA-ly-tokbokki-b%C3 … 47 items
  [228/345] 20250218 https://food.grab.com/vn/en/restaurant/%C4%83n-v%E1%BA%B7t-t%C3%AD-n%E … 27 items
  [229/345] 20250218 https://food.grab.com/vn/en/restaurant/%C4%91%E1%BB%93-%C4%83n-v%E1%BA … 14 items
  [230/345] 20250320 https://food.grab.com/vn/en/restaurant/3ae-cafe-b%C3%A1nh-m%C3%AC-que- … 12 items
  [231/345] 20250317 https://food.grab.com/vn/en/restaurant/688-food-g%C3%A0-u%CC%89-mu%E1% … 39 items
  [232/345] 20250115 https://food.grab.com/vn/en/restaurant/9x-food-ch%C3%A1o-%E1%BA%BFch-s … 47 items
  [233/345] 20250321 https://food.grab.com/vn/en/restaurant/alpha-coffee-delivery/5-CZKTSBD … 90 items
  [234/345] 20250317 https://food.grab.com/vn/en/restaurant/an-chicken-ti%E1%BB%87m-g%C3%A0 … 27 items
  [235/345] 20250319 https://food.grab.com/vn/en/restaurant/anh-th%C6%B0-b%C3%A1nh-cu%E1%BB … 5 items
  [236/345] 20250319 https://food.grab.com/vn/en/restaurant/b%C3%A1nh-bao-n%C3%B3ng-s%E1%BB … 65 items
  [237/345] 20250320 https://food.grab.com/vn/en/restaurant/b%C3%A1nh-bao-t%C6%B0%C6%A1i-s% … 45 items
  [238/345] 20250317 https://food.grab.com/vn/en/restaurant/b%C3%A1nh-cu%E1%BB%91n-n%C3%B3n … 12 items
  [239/345] 20250219 https://food.grab.com/vn/en/restaurant/b%C3%A1nh-g%C3%A0-con-h%C3%A0n- … 0 items
  [240/345] 20250221 https://food.grab.com/vn/en/restaurant/b%C3%A1nh-g%C3%A0-con-h%C3%A0n- … 14 items
  [241/345] 20250219 https://food.grab.com/vn/en/restaurant/b%C3%A1nh-g%C3%A0-con-h%C3%A0n- … 14 items
  [242/345] 20250320 https://food.grab.com/vn/en/restaurant/b%C3%A1nh-g%C3%A0-si%C3%AAu-ngo … 3 items
  [243/345] 20250320 https://food.grab.com/vn/en/restaurant/b%C3%A1nh-gi%C3%B2-%C4%91%C3%B4 … 33 items
  [244/345] 20250320 https://food.grab.com/vn/en/restaurant/b%C3%A1nh-gi%C3%B2-c%C3%B4-b%C3 … 7 items
  [245/345] 20250218 https://food.grab.com/vn/en/restaurant/b%C3%A1nh-khoai-b%C3%A1nh-chu%E … 40 items
  [246/345] 20250116 https://food.grab.com/vn/en/restaurant/b%C3%A1nh-m%C3%AC-c%C3%B4-chun- … 115 items
  [247/345] 20250519 https://food.grab.com/vn/en/restaurant/%C3%B4-ngon-m%C3%AC-tr%E1%BB%99 … 0 items
  [248/345] 20250430 https://food.grab.com/vn/en/restaurant/688-food-g%C3%A0-u%CC%89-mu%E1% … /Users/erwenchen/Library/Python/3.9/lib/python/site-packages/urllib3/__init__.py:35: NotOpenSSLWarning: urllib3 v2 only supports OpenSSL 1.1.1+, currently the 'ssl' module is compiled with 'LibreSSL 2.8.3'. See: https://github.com/urllib3/urllib3/issues/3020
  warnings.warn(
Historical HTML scraper — 1 target(s)
per_period=5, max_per_target=500


======================================================================
  Vietnam:grabfood-vn  (food.grab.com/vn/en/restaurant/*)
======================================================================
  [247/345] 20250519 https://food.grab.com/vn/en/restaurant/%C3%B4-ngon-m%C3%AC-tr%E1%BB%99 … 0 items
  [248/345] 20250430 https://food.grab.com/vn/en/restaurant/688-food-g%C3%A0-u%CC%89-mu%E1% … 0 items
  [249/345] 20250430 https://food.grab.com/vn/en/restaurant/an-chicken-ti%E1%BB%87m-g%C3%A0 … 0 items
  [250/345] 20250523 https://food.grab.com/vn/en/restaurant/aussie-burger-tayho-australia-t … 0 items
  [251/345] 20250518 https://food.grab.com/vn/en/restaurant/b%C3%A1nh-canh-gh%E1%BA%B9-69-d … 0 items
  [252/345] 20250422 https://food.grab.com/vn/en/restaurant/b%C3%A1nh-cu%E1%BB%91n-cao-b%E1 … 0 items
  [253/345] 20250430 https://food.grab.com/vn/en/restaurant/b%C3%A1nh-cu%E1%BB%91n-n%C3%B3n … 0 items
  [254/345] 20250519 https://food.grab.com/vn/en/restaurant/b%C3%A1nh-m%C3%AC-que-b%E1%BA%A … 0 items
  [255/345] 20250430 https://food.grab.com/vn/en/restaurant/b%C3%A1nh-m%C3%AC-s%C3%A0i-g%C3 … 0 items
  [256/345] 20250430 https://food.grab.com/vn/en/restaurant/b%C3%A1nh-tr%C3%A1ng-c%C3%B4-h% … 0 items
  [257/345] 20250519 https://food.grab.com/vn/en/restaurant/b%C3%A1nh-tr%C3%A1ng-happy-m%C3 … 0 items
  [258/345] 20250430 https://food.grab.com/vn/en/restaurant/b%C3%BAn-%E1%BB%91c-s%C6%B0%E1% … 0 items
  [259/345] 20250518 https://food.grab.com/vn/en/restaurant/b%C3%BAn-b%C3%B2-hu%E1%BA%BF-an … 0 items
  [260/345] 20250430 https://food.grab.com/vn/en/restaurant/b%C3%BAn-b%C3%B2-hu%E1%BA%BF-ng … 0 items
  [261/345] 20250422 https://food.grab.com/vn/en/restaurant/b%C3%BAn-ch%E1%BA%A3-h%C3%A0-n% … 0 items
  [262/345] 20250430 https://food.grab.com/vn/en/restaurant/b%C3%BAn-ch%E1%BA%A3-obama-ph%E … 0 items
  [263/345] 20250606 https://food.grab.com/vn/en/restaurant/b%C3%BAn-m%E1%BB%99c-s%C6%B0%E1 … 0 items
  [264/345] 20250422 https://food.grab.com/vn/en/restaurant/b%C3%BAn-s%C6%B0%E1%BB%9Dn-chua … 0 items
  [265/345] 20250602 https://food.grab.com/vn/en/restaurant/b%C3%BAn-th%E1%BB%8Bt-n%C6%B0%E … 0 items
  [266/345] 20250430 https://food.grab.com/vn/en/restaurant/b%E1%BA%BFp-nh%C3%A0-th%E1%BB%8 … 0 items
  [267/345] 20250721 https://food.grab.com/vn/en/restaurant/a-ng%C3%A1o-tea-food-%C4%91%C6% … 0 items
  [268/345] 20250724 https://food.grab.com/vn/en/restaurant/a-ng%C3%A1o-tr%C3%A0-s%E1%BB%AF … 133 items
  [269/345] 20250917 https://food.grab.com/vn/en/restaurant/b%C3%A1nh-g%C3%A0-si%C3%AAu-ngo … 3 items
  [270/345] 20250720 https://food.grab.com/vn/en/restaurant/b%C3%A1nh-kem-long-ph%E1%BB%A5n … 39 items
  [271/345] 20250810 https://food.grab.com/vn/en/restaurant/b%C3%A1nh-m%C3%AC-que-ph%C3%A1p … 7 items
  [272/345] 20250720 https://food.grab.com/vn/en/restaurant/b%C3%A1nh-tr%C3%A1ng-c%C3%B4-h% … 64 items
  [273/345] 20250906 https://food.grab.com/vn/en/restaurant/b%C3%BAn-%E1%BB%91c-s%C6%B0%E1% … 37 items
  [274/345] 20250810 https://food.grab.com/vn/en/restaurant/b%C3%BAn-b%C3%B2-hu%E1%BA%BF-ng … 27 items
  [275/345] 20250917 https://food.grab.com/vn/en/restaurant/b%C3%BAn-ri%C3%AAu-t%C3%B3p-m%E … 45 items
  [276/345] 20250720 https://food.grab.com/vn/en/restaurant/b%E1%BA%BFp-nh%C3%A0-b%C3%B4ng- … 51 items
  [277/345] 20250918 https://food.grab.com/vn/en/restaurant/bapaki-tea-and-bakery-delivery/ … 116 items
  [278/345] 20250917 https://food.grab.com/vn/en/restaurant/bento-delichi-c%C6%A1m-g%C3%A0- … 37 items
  [279/345] 20250815 https://food.grab.com/vn/en/restaurant/bo-food-g%C3%A0-quay-s%C6%B0%E1 … 16 items
  [280/345] 20250718 https://food.grab.com/vn/en/restaurant/burger-king-gi%E1%BA%A3ng-v%C3% … 88 items
  [281/345] 20250720 https://food.grab.com/vn/en/restaurant/c%C3%B4-m%C6%B0%E1%BB%9Di-n%C6% … 54 items
  [282/345] 20250913 https://food.grab.com/vn/en/restaurant/c%C6%A1m-t%E1%BA%A5m-s%C6%B0%E1 … 35 items
  [283/345] 20250724 https://food.grab.com/vn/en/restaurant/c%E1%BB%ADa-h%C3%A0ng-milo-c%E1 … 7 items
  [284/345] 20250722 https://food.grab.com/vn/en/restaurant/cacao-s%E1%BB%AFa-gia-linh-deli … 46 items
  [285/345] 20250913 https://food.grab.com/vn/en/restaurant/caf%C3%A9-aguri-delivery/5-C6JE … 43 items
  [286/345] 20250805 https://food.grab.com/vn/en/restaurant/caramello-ti%E1%BB%87m-caramen- … 55 items
  [287/345] 20251013 https://food.grab.com/vn/en/restaurant/%C4%83n-v%E1%BA%B7t-t%C3%AD-n%E … 27 items
  [288/345] 20251108 https://food.grab.com/vn/en/restaurant/%C4%91%E1%BB%A9c-food-m%C3%AC-t … 0 items
  [289/345] 20251108 https://food.grab.com/vn/en/restaurant/aussie-burger-tayho-ausstralia- … 0 items
  [290/345] 20251207 https://food.grab.com/vn/en/restaurant/b%C3%A1nh-bao-t%C6%B0%C6%A1i-s% … 0 items
  [291/345] 20251111 https://food.grab.com/vn/en/restaurant/b%C3%A1nh-cu%E1%BB%91n-cao-b%E1 … 0 items
  [292/345] 20251007 https://food.grab.com/vn/en/restaurant/b%C3%A1nh-m%C3%AC-h%E1%BB%99i-a … 50 items
  [293/345] 20251108 https://food.grab.com/vn/en/restaurant/b%C3%A1nh-m%C3%AC-ph%E1%BB%91-h … 0 items
  [294/345] 20251014 https://food.grab.com/vn/en/restaurant/b%C3%A1nh-m%C3%AC-que-b%E1%BA%B … 38 items
  [295/345] 20251116 https://food.grab.com/vn/en/restaurant/b%C3%A1nh-m%C3%AC-que-ph%C3%A1p … 0 items
  [296/345] 20251113 https://food.grab.com/vn/en/restaurant/b%C3%A1nh-m%C3%AC-s%E1%BB%91t-b … 0 items
  [297/345] 20251210 https://food.grab.com/vn/en/restaurant/b%C3%A1nh-m%E1%BB%B3-th%C3%A0nh … 0 items
  [298/345] 20251014 https://food.grab.com/vn/en/restaurant/b%C3%BAn-d%E1%BB%8Dc-m%C3%B9ng- … 23 items
  [299/345] 20251014 https://food.grab.com/vn/en/restaurant/b%C3%BAn-tr%E1%BB%99n-th%E1%BB% … 3 items
  [300/345] 20251013 https://food.grab.com/vn/en/restaurant/b%E1%BB%91ng-b%C3%B4ng-v%E1%BA% … 35 items
  [301/345] 20251007 https://food.grab.com/vn/en/restaurant/bami-bread-b%C3%A1nh-m%C3%AC-h% … 20 items
  [302/345] 20251014 https://food.grab.com/vn/en/restaurant/bami-bread-banh-mi-hoi-an-ph%E1 … 22 items
  [303/345] 20251108 https://food.grab.com/vn/en/restaurant/burger-factory-base-2-delivery/ … 0 items
  [304/345] 20251013 https://food.grab.com/vn/en/restaurant/burger-house-downtown-delivery/ … 89 items
  [305/345] 20251007 https://food.grab.com/vn/en/restaurant/c%C3%A0-ph%C3%AA-mu%E1%BB%91i-c … 27 items
  [306/345] 20251014 https://food.grab.com/vn/en/restaurant/c%C3%A0-ri-g%C3%A0-1357-deliver … 36 items
  [307/345] 20260119 https://food.grab.com/vn/en/restaurant/%C4%91%E1%BB%93-%C4%83n-v%E1%BA … 0 items
  [308/345] 20260215 https://food.grab.com/vn/en/restaurant/b%C3%A1nh-m%C3%AC-que-b%E1%BA%B … 0 items
  [309/345] 20260119 https://food.grab.com/vn/en/restaurant/b%C3%A1nh-m%E1%BB%B3-th%C3%A0nh … 0 items
  [310/345] 20260305 https://food.grab.com/vn/en/restaurant/b%C3%BAn-ch%E1%BA%A3-h%C3%A0-n% … 0 items
  [311/345] 20260119 https://food.grab.com/vn/en/restaurant/b%C3%BAn-s%C6%B0%E1%BB%9Dn-chua … 0 items
  [312/345] 20260317 https://food.grab.com/vn/en/restaurant/b%C3%BAn-tr%E1%BB%99n-th%E1%BB% … 0 items
  [313/345] 20260305 https://food.grab.com/vn/en/restaurant/b%E1%BA%BFp-nh%C3%A0-chang-c%C6 … 0 items
  [314/345] 20260206 https://food.grab.com/vn/en/restaurant/b%E1%BA%BFp-nh%C3%A0-th%E1%BB%8 … 0 items
  [315/345] 20260213 https://food.grab.com/vn/en/restaurant/bami-bread-banh-mi-hoi-an-ph%E1 … 0 items
  [316/345] 20260123 https://food.grab.com/vn/en/restaurant/bo-food-g%C3%A0-quay-s%C6%B0%E1 … 0 items
  [317/345] 20260116 https://food.grab.com/vn/en/restaurant/c%C6%A1m-g%C3%A0-b%E1%BA%A3o-na … 0 items
  [318/345] 20260123 https://food.grab.com/vn/en/restaurant/c%C6%A1m-t%E1%BA%A5m-minh-long- … 0 items
  [319/345] 20260317 https://food.grab.com/vn/en/restaurant/c%C6%A1m-t%E1%BA%A5m-nghi%E1%BB … 0 items
  [320/345] 20260208 https://food.grab.com/vn/en/restaurant/caramello-ti%E1%BB%87m-caramen- … 0 items
  [321/345] 20260123 https://food.grab.com/vn/en/restaurant/ch%C3%A1o-ngon-h%C3%A0-anh-24h- … 0 items
  [322/345] 20260208 https://food.grab.com/vn/en/restaurant/ch%C3%A2n-g%C3%A0-n%C6%B0%E1%BB … 0 items
  [323/345] 20260123 https://food.grab.com/vn/en/restaurant/ch%C3%A2n-g%C3%A0-s%E1%BA%A1ch- … 0 items
  [324/345] 20260206 https://food.grab.com/vn/en/restaurant/ch%C3%A8-t%C3%A0u-h%E1%BB%A7-b% … 0 items
  [325/345] 20260123 https://food.grab.com/vn/en/restaurant/ch%E1%BB%8B-linh-b%C3%A1nh-gi%C … 0 items
  [326/345] 20260123 https://food.grab.com/vn/en/restaurant/chay-home-healthy-vegan-food-de … 0 items
  [327/345] 20260520 https://food.grab.com/vn/en/restaurant/c%C6%A1m-g%C3%A0-b%E1%BA%A3o-na … 0 items
  [328/345] 20260508 https://food.grab.com/vn/en/restaurant/h%C6%B0%C6%A1ng-qu%C3%AA-m%C3%A … 0 items
  [329/345] 20260508 https://food.grab.com/vn/en/restaurant/kem-tr%C3%A0ng-ti%E1%BB%81n-sin … 0 items
  [330/345] 20260520 https://food.grab.com/vn/en/restaurant/mi-fried-chicken-delivery/5-C64 … 0 items
  [331/345] 20260520 https://food.grab.com/vn/en/restaurant/mix-food-kimbap-g%C3%A0-vi%C3%A … 0 items
  [332/345] 20260412 https://food.grab.com/vn/en/restaurant/nem-chua-r%C3%A1n-th%C3%A0nh-x% … 0 items
  [333/345] 20260508 https://food.grab.com/vn/en/restaurant/online-delivery/5-C6CXRFKKNKBBN … 0 items
  [334/345] 20260508 https://food.grab.com/vn/en/restaurant/online-delivery/5-C7BYR3DTVEKVV … 0 items
  [335/345] 20260520 https://food.grab.com/vn/en/restaurant/ph%E1%BB%9F-b%C3%B2-c%C6%A1m-ra … 0 items
  [336/345] 20260411 https://food.grab.com/vn/en/restaurant/pizza-4p%E2%80%99s-phan-k%E1%BA … 0 items
  [337/345] 20260508 https://food.grab.com/vn/en/restaurant/rau-m%C3%A1-luck-n%C6%B0%E1%BB% … 0 items
  [338/345] 20260520 https://food.grab.com/vn/en/restaurant/robata-an-japanese-restaurant-d … 0 items
  [339/345] 20260520 https://food.grab.com/vn/en/restaurant/sushila-04-tr%C3%BAc-kh%C3%AA-d … 0 items
  [340/345] 20260508 https://food.grab.com/vn/en/restaurant/susubao-b%C3%A1nh-bao-th%C6%B0% … 0 items
  [341/345] 20260508 https://food.grab.com/vn/en/restaurant/susubao-phan-x%C3%ADch-long-del … 0 items
  [342/345] 20260508 https://food.grab.com/vn/en/restaurant/tanaka-tei-delivery/5-C2UTN6XYG … 0 items
  [343/345] 20260508 https://food.grab.com/vn/en/restaurant/ti%E1%BB%87m-%C4%83n-v%E1%BA%B7 … 0 items
  [344/345] 20260520 https://food.grab.com/vn/en/restaurant/tokyo-deli-express-park-view-de … 0 items
  [345/345] 20260520 https://food.grab.com/vn/en/restaurant/tr%C3%A0-s%E1%BB%AFa-an-nhi%C3% … 0 items

  Vietnam:grabfood-vn: 99 attempts, 30 with items, 1273 rows inserted

======================================================================
Done.
target                                    attempts  hits    rows
  Vietnam:grabfood-vn                           99    30    1273
